1657354511605	geckodriver	INFO	Listening on 127.0.0.1:50695
1657354514658	mozrunner::runner	INFO	Running command: "C:\\Program Files\\Mozilla Firefox\\firefox.exe" "--marionette" "--remote-debugging-port" "50696" "--remote-allow-hosts" "localhost" "-no-remote" "-profile" "C:\\Users\\Sumer\\AppData\\Local\\Temp\\rust_mozprofileMJnzRE"
1657354514930	Marionette	INFO	Marionette enabled
1657354514933	Marionette	INFO	Listening on port 50705
WebDriver BiDi listening on ws://localhost:50696
Read port: 50705
1657354515151	RemoteAgent	WARN	TLS certificate errors will be ignored for this session
console.warn: SearchSettings: "get: No settings file exists, new profile?" (new NotFoundError("Could not open the file at C:\\Users\\Sumer\\AppData\\Local\\Temp\\rust_mozprofileMJnzRE\\search.json.mozlz4", (void 0)))
DevTools listening on ws://localhost:50696/devtools/browser/cd9b151e-7db1-4d12-b31d-fd8e13ce6464
JavaScript warning: https://pagead2.googlesyndication.com/bg/yleD_imbJ2YLIerZJCJUa4yQOSRhPvCXXlQ8m3xKa_Q.js line 2 > eval line 5697 > eval line 1 > eval line 1 > eval, line 1: WEBGL_debug_renderer_info is deprecated in Firefox and will be removed. Please use RENDERER.
1657354520796	Marionette	INFO	Stopped listening on port 50705
1657354875083	geckodriver	INFO	Listening on 127.0.0.1:50855
1657354878133	mozrunner::runner	INFO	Running command: "C:\\Program Files\\Mozilla Firefox\\firefox.exe" "--marionette" "--remote-debugging-port" "50856" "--remote-allow-hosts" "localhost" "-no-remote" "-profile" "C:\\Users\\Sumer\\AppData\\Local\\Temp\\rust_mozprofileCAWqqF"
1657354878365	Marionette	INFO	Marionette enabled
1657354878369	Marionette	INFO	Listening on port 50865
WebDriver BiDi listening on ws://localhost:50856
Read port: 50865
1657354878586	RemoteAgent	WARN	TLS certificate errors will be ignored for this session
console.warn: SearchSettings: "get: No settings file exists, new profile?" (new NotFoundError("Could not open the file at C:\\Users\\Sumer\\AppData\\Local\\Temp\\rust_mozprofileCAWqqF\\search.json.mozlz4", (void 0)))
DevTools listening on ws://localhost:50856/devtools/browser/627e8a3a-03d3-4d74-888c-e0d9ac9a321f
1657354883930	Marionette	WARN	Ignoring event 'pageshow' because document has an invalid readyState of 'uninitialized'.
JavaScript warning: https://pagead2.googlesyndication.com/bg/yleD_imbJ2YLIerZJCJUa4yQOSRhPvCXXlQ8m3xKa_Q.js line 2 > eval line 1746 > eval line 1 > eval line 1 > eval, line 1: WEBGL_debug_renderer_info is deprecated in Firefox and will be removed. Please use RENDERER.
1657354885277	Marionette	INFO	Stopped listening on port 50865
1657354899825	geckodriver	INFO	Listening on 127.0.0.1:51010
1657354902865	mozrunner::runner	INFO	Running command: "C:\\Program Files\\Mozilla Firefox\\firefox.exe" "--marionette" "--remote-debugging-port" "51011" "--remote-allow-hosts" "localhost" "-no-remote" "-profile" "C:\\Users\\Sumer\\AppData\\Local\\Temp\\rust_mozprofilek8Q7gk"
1657354903094	Marionette	INFO	Marionette enabled
1657354903097	Marionette	INFO	Listening on port 51020
WebDriver BiDi listening on ws://localhost:51011
Read port: 51020
1657354903315	RemoteAgent	WARN	TLS certificate errors will be ignored for this session
console.warn: SearchSettings: "get: No settings file exists, new profile?" (new NotFoundError("Could not open the file at C:\\Users\\Sumer\\AppData\\Local\\Temp\\rust_mozprofilek8Q7gk\\search.json.mozlz4", (void 0)))
DevTools listening on ws://localhost:51011/devtools/browser/ab07f974-f05b-4c92-99b1-50bace9037cb
JavaScript warning: https://pagead2.googlesyndication.com/bg/yleD_imbJ2YLIerZJCJUa4yQOSRhPvCXXlQ8m3xKa_Q.js line 2 > eval line 7239 > eval line 1 > eval line 1 > eval, line 1: WEBGL_debug_renderer_info is deprecated in Firefox and will be removed. Please use RENDERER.
1657354908784	Marionette	INFO	Stopped listening on port 51020
1657354933343	geckodriver	INFO	Listening on 127.0.0.1:61711
1657354936389	mozrunner::runner	INFO	Running command: "C:\\Program Files\\Mozilla Firefox\\firefox.exe" "--marionette" "--remote-debugging-port" "61712" "--remote-allow-hosts" "localhost" "-no-remote" "-profile" "C:\\Users\\Sumer\\AppData\\Local\\Temp\\rust_mozprofilefcUEPj"
1657354936620	Marionette	INFO	Marionette enabled
1657354936623	Marionette	INFO	Listening on port 61721
WebDriver BiDi listening on ws://localhost:61712
Read port: 61721
1657354936839	RemoteAgent	WARN	TLS certificate errors will be ignored for this session
console.warn: SearchSettings: "get: No settings file exists, new profile?" (new NotFoundError("Could not open the file at C:\\Users\\Sumer\\AppData\\Local\\Temp\\rust_mozprofilefcUEPj\\search.json.mozlz4", (void 0)))
DevTools listening on ws://localhost:61712/devtools/browser/70896a89-cfc8-44a9-af5e-7a9aa5eb2024
JavaScript warning: https://pagead2.googlesyndication.com/bg/yleD_imbJ2YLIerZJCJUa4yQOSRhPvCXXlQ8m3xKa_Q.js line 2 > eval line 122 > eval line 1 > eval line 1 > eval, line 1: WEBGL_debug_renderer_info is deprecated in Firefox and will be removed. Please use RENDERER.
1657354942497	Marionette	INFO	Stopped listening on port 61721
[Parent 15464, IPC I/O Parent] WARNING: file /builds/worker/checkouts/gecko/ipc/chromium/src/base/process_util_win.cc:167
1657355262619	geckodriver	INFO	Listening on 127.0.0.1:61908
1657355265711	mozrunner::runner	INFO	Running command: "C:\\Program Files\\Mozilla Firefox\\firefox.exe" "--marionette" "--remote-debugging-port" "61909" "--remote-allow-hosts" "localhost" "-no-remote" "-profile" "C:\\Users\\Sumer\\AppData\\Local\\Temp\\rust_mozprofiler2bgDI"
1657355265936	Marionette	INFO	Marionette enabled
1657355265939	Marionette	INFO	Listening on port 61918
WebDriver BiDi listening on ws://localhost:61909
Read port: 61918
1657355266153	RemoteAgent	WARN	TLS certificate errors will be ignored for this session
console.warn: SearchSettings: "get: No settings file exists, new profile?" (new NotFoundError("Could not open the file at C:\\Users\\Sumer\\AppData\\Local\\Temp\\rust_mozprofiler2bgDI\\search.json.mozlz4", (void 0)))
DevTools listening on ws://localhost:61909/devtools/browser/026a31e7-fc7f-4484-abd2-619f0cb441a9
JavaScript warning: https://pagead2.googlesyndication.com/bg/yleD_imbJ2YLIerZJCJUa4yQOSRhPvCXXlQ8m3xKa_Q.js line 2 > eval line 535 > eval line 1 > eval line 1 > eval, line 1: WEBGL_debug_renderer_info is deprecated in Firefox and will be removed. Please use RENDERER.
1657355279979	Marionette	INFO	Stopped listening on port 61918
JavaScript error: , line 0: TypeError: NetworkError when attempting to fetch resource.
JavaScript error: , line 0: TypeError: NetworkError when attempting to fetch resource.
console.warn: TopSitesFeed: Failed to fetch data from Contile server: NetworkError when attempting to fetch resource.
1657355467282	geckodriver	INFO	Listening on 127.0.0.1:62162
1657355470363	mozrunner::runner	INFO	Running command: "C:\\Program Files\\Mozilla Firefox\\firefox.exe" "--marionette" "--remote-debugging-port" "62163" "--remote-allow-hosts" "localhost" "-no-remote" "-profile" "C:\\Users\\Sumer\\AppData\\Local\\Temp\\rust_mozprofile1mdvrh"
1657355470591	Marionette	INFO	Marionette enabled
1657355470594	Marionette	INFO	Listening on port 62174
WebDriver BiDi listening on ws://localhost:62163
Read port: 62174
1657355470810	RemoteAgent	WARN	TLS certificate errors will be ignored for this session
console.warn: SearchSettings: "get: No settings file exists, new profile?" (new NotFoundError("Could not open the file at C:\\Users\\Sumer\\AppData\\Local\\Temp\\rust_mozprofile1mdvrh\\search.json.mozlz4", (void 0)))
DevTools listening on ws://localhost:62163/devtools/browser/562559d6-5650-46fa-bd2a-5452d74b9d34
JavaScript warning: https://pagead2.googlesyndication.com/bg/yleD_imbJ2YLIerZJCJUa4yQOSRhPvCXXlQ8m3xKa_Q.js line 2 > eval line 4143 > eval line 1 > eval line 1 > eval, line 1: WEBGL_debug_renderer_info is deprecated in Firefox and will be removed. Please use RENDERER.
1657355643846	geckodriver	INFO	Listening on 127.0.0.1:62409
1657355646922	mozrunner::runner	INFO	Running command: "C:\\Program Files\\Mozilla Firefox\\firefox.exe" "--marionette" "--remote-debugging-port" "62410" "--remote-allow-hosts" "localhost" "-no-remote" "-profile" "C:\\Users\\Sumer\\AppData\\Local\\Temp\\rust_mozprofileQm5OOv"
1657355647148	Marionette	INFO	Marionette enabled
1657355647151	Marionette	INFO	Listening on port 62420
WebDriver BiDi listening on ws://localhost:62410
Read port: 62420
1657355647370	RemoteAgent	WARN	TLS certificate errors will be ignored for this session
console.warn: SearchSettings: "get: No settings file exists, new profile?" (new NotFoundError("Could not open the file at C:\\Users\\Sumer\\AppData\\Local\\Temp\\rust_mozprofileQm5OOv\\search.json.mozlz4", (void 0)))
DevTools listening on ws://localhost:62410/devtools/browser/dc520055-19a4-461f-9ce5-e6fd177d0c0b
JavaScript warning: https://pagead2.googlesyndication.com/bg/yleD_imbJ2YLIerZJCJUa4yQOSRhPvCXXlQ8m3xKa_Q.js line 2 > eval line 892 > eval line 1 > eval line 1 > eval, line 1: WEBGL_debug_renderer_info is deprecated in Firefox and will be removed. Please use RENDERER.
1657355862651	geckodriver	INFO	Listening on 127.0.0.1:62666
1657355865742	mozrunner::runner	INFO	Running command: "C:\\Program Files\\Mozilla Firefox\\firefox.exe" "--marionette" "--remote-debugging-port" "62667" "--remote-allow-hosts" "localhost" "-no-remote" "-profile" "C:\\Users\\Sumer\\AppData\\Local\\Temp\\rust_mozprofilelvxtsN"
1657355865970	Marionette	INFO	Marionette enabled
1657355865973	Marionette	INFO	Listening on port 62677
WebDriver BiDi listening on ws://localhost:62667
Read port: 62677
1657355866187	RemoteAgent	WARN	TLS certificate errors will be ignored for this session
console.warn: SearchSettings: "get: No settings file exists, new profile?" (new NotFoundError("Could not open the file at C:\\Users\\Sumer\\AppData\\Local\\Temp\\rust_mozprofilelvxtsN\\search.json.mozlz4", (void 0)))
DevTools listening on ws://localhost:62667/devtools/browser/313b3cfd-52c3-44ab-b7a3-159a44310939
JavaScript error: https://1f37ee6fb0c5911d3d88a567fbb90b6c.safeframe.googlesyndication.com/safeframe/1-0-38/html/container.html, line 13: ReferenceError: googqscp is not defined
JavaScript warning: https://pagead2.googlesyndication.com/bg/ScuHrLJSuMz-P8UpD_WVXyUZt188tH6pyCCWmvqBSxI.js line 2 > eval line 364 > eval line 1 > eval line 1 > eval, line 1: WEBGL_debug_renderer_info is deprecated in Firefox and will be removed. Please use RENDERER.
JavaScript warning: https://pagead2.googlesyndication.com/bg/yleD_imbJ2YLIerZJCJUa4yQOSRhPvCXXlQ8m3xKa_Q.js line 2 > eval line 2328 > eval line 1 > eval line 1 > eval, line 1: WEBGL_debug_renderer_info is deprecated in Firefox and will be removed. Please use RENDERER.
1657355877342	Marionette	INFO	Stopped listening on port 62677
1657356164427	geckodriver	INFO	Listening on 127.0.0.1:62858
1657356167454	mozrunner::runner	INFO	Running command: "C:\\Program Files\\Mozilla Firefox\\firefox.exe" "--marionette" "--remote-debugging-port" "62859" "--remote-allow-hosts" "localhost" "-no-remote" "-profile" "C:\\Users\\Sumer\\AppData\\Local\\Temp\\rust_mozprofileyQ3d3M"
1657356167684	Marionette	INFO	Marionette enabled
1657356167688	Marionette	INFO	Listening on port 62868
WebDriver BiDi listening on ws://localhost:62859
Read port: 62868
1657356167901	RemoteAgent	WARN	TLS certificate errors will be ignored for this session
console.warn: SearchSettings: "get: No settings file exists, new profile?" (new NotFoundError("Could not open the file at C:\\Users\\Sumer\\AppData\\Local\\Temp\\rust_mozprofileyQ3d3M\\search.json.mozlz4", (void 0)))
DevTools listening on ws://localhost:62859/devtools/browser/b5501339-3238-4738-8c03-34c65fc6ed0a
JavaScript warning: https://pagead2.googlesyndication.com/bg/yleD_imbJ2YLIerZJCJUa4yQOSRhPvCXXlQ8m3xKa_Q.js line 2 > eval line 5599 > eval line 1 > eval line 1 > eval, line 1: WEBGL_debug_renderer_info is deprecated in Firefox and will be removed. Please use RENDERER.
JavaScript error: , line 0: TypeError: NetworkError when attempting to fetch resource.
JavaScript warning: https://pagead2.googlesyndication.com/bg/yleD_imbJ2YLIerZJCJUa4yQOSRhPvCXXlQ8m3xKa_Q.js line 2 > eval line 4671 > eval line 1 > eval line 1 > eval, line 1: WEBGL_debug_renderer_info is deprecated in Firefox and will be removed. Please use RENDERER.
JavaScript warning: https://pagead2.googlesyndication.com/bg/yleD_imbJ2YLIerZJCJUa4yQOSRhPvCXXlQ8m3xKa_Q.js line 2 > eval line 327 > eval line 1 > eval line 1 > eval, line 1: WEBGL_debug_renderer_info is deprecated in Firefox and will be removed. Please use RENDERER.
JavaScript warning: https://pagead2.googlesyndication.com/bg/yleD_imbJ2YLIerZJCJUa4yQOSRhPvCXXlQ8m3xKa_Q.js line 2 > eval line 7434 > eval line 1 > eval line 1 > eval, line 1: WEBGL_debug_renderer_info is deprecated in Firefox and will be removed. Please use RENDERER.
JavaScript error: , line 0: TypeError: NetworkError when attempting to fetch resource.
JavaScript warning: https://pagead2.googlesyndication.com/bg/yleD_imbJ2YLIerZJCJUa4yQOSRhPvCXXlQ8m3xKa_Q.js line 2 > eval line 4198 > eval line 1 > eval line 1 > eval, line 1: WEBGL_debug_renderer_info is deprecated in Firefox and will be removed. Please use RENDERER.
JavaScript warning: https://pagead2.googlesyndication.com/bg/yleD_imbJ2YLIerZJCJUa4yQOSRhPvCXXlQ8m3xKa_Q.js line 2 > eval line 3156 > eval line 1 > eval line 1 > eval, line 1: WEBGL_debug_renderer_info is deprecated in Firefox and will be removed. Please use RENDERER.
JavaScript warning: https://pagead2.googlesyndication.com/bg/yleD_imbJ2YLIerZJCJUa4yQOSRhPvCXXlQ8m3xKa_Q.js line 2 > eval line 4197 > eval line 1 > eval line 1 > eval, line 1: WEBGL_debug_renderer_info is deprecated in Firefox and will be removed. Please use RENDERER.
JavaScript warning: https://pagead2.googlesyndication.com/bg/yleD_imbJ2YLIerZJCJUa4yQOSRhPvCXXlQ8m3xKa_Q.js line 2 > eval line 85 > eval line 1 > eval line 1 > eval, line 1: WEBGL_debug_renderer_info is deprecated in Firefox and will be removed. Please use RENDERER.
JavaScript warning: https://pagead2.googlesyndication.com/bg/yleD_imbJ2YLIerZJCJUa4yQOSRhPvCXXlQ8m3xKa_Q.js line 2 > eval line 7574 > eval line 1 > eval line 1 > eval, line 1: WEBGL_debug_renderer_info is deprecated in Firefox and will be removed. Please use RENDERER.
JavaScript warning: https://pagead2.googlesyndication.com/bg/yleD_imbJ2YLIerZJCJUa4yQOSRhPvCXXlQ8m3xKa_Q.js line 2 > eval line 4517 > eval line 1 > eval line 1 > eval, line 1: WEBGL_debug_renderer_info is deprecated in Firefox and will be removed. Please use RENDERER.
1657356208150	Marionette	INFO	Stopped listening on port 62868
1657356241931	geckodriver	INFO	Listening on 127.0.0.1:63053
1657356245004	mozrunner::runner	INFO	Running command: "C:\\Program Files\\Mozilla Firefox\\firefox.exe" "--marionette" "--remote-debugging-port" "63054" "--remote-allow-hosts" "localhost" "-no-remote" "-profile" "C:\\Users\\Sumer\\AppData\\Local\\Temp\\rust_mozprofile1droPX"
1657356245257	Marionette	INFO	Marionette enabled
1657356245261	Marionette	INFO	Listening on port 63063
WebDriver BiDi listening on ws://localhost:63054
Read port: 63063
1657356245388	RemoteAgent	WARN	TLS certificate errors will be ignored for this session
console.warn: SearchSettings: "get: No settings file exists, new profile?" (new NotFoundError("Could not open the file at C:\\Users\\Sumer\\AppData\\Local\\Temp\\rust_mozprofile1droPX\\search.json.mozlz4", (void 0)))
DevTools listening on ws://localhost:63054/devtools/browser/981106da-d37b-444a-9712-5e443c5dbdb1
JavaScript warning: https://pagead2.googlesyndication.com/bg/yleD_imbJ2YLIerZJCJUa4yQOSRhPvCXXlQ8m3xKa_Q.js line 2 > eval line 20 > eval line 1 > eval line 1 > eval, line 1: WEBGL_debug_renderer_info is deprecated in Firefox and will be removed. Please use RENDERER.
JavaScript warning: https://pagead2.googlesyndication.com/bg/yleD_imbJ2YLIerZJCJUa4yQOSRhPvCXXlQ8m3xKa_Q.js line 2 > eval line 3047 > eval line 1 > eval line 1 > eval, line 1: WEBGL_debug_renderer_info is deprecated in Firefox and will be removed. Please use RENDERER.
JavaScript error: , line 0: TypeError: NetworkError when attempting to fetch resource.
JavaScript warning: https://pagead2.googlesyndication.com/bg/yleD_imbJ2YLIerZJCJUa4yQOSRhPvCXXlQ8m3xKa_Q.js line 2 > eval line 1306 > eval line 1 > eval line 1 > eval, line 1: WEBGL_debug_renderer_info is deprecated in Firefox and will be removed. Please use RENDERER.
JavaScript warning: https://pagead2.googlesyndication.com/bg/yleD_imbJ2YLIerZJCJUa4yQOSRhPvCXXlQ8m3xKa_Q.js line 2 > eval line 6873 > eval line 1 > eval line 1 > eval, line 1: WEBGL_debug_renderer_info is deprecated in Firefox and will be removed. Please use RENDERER.
JavaScript error: , line 0: uncaught exception: undefined
JavaScript warning: https://pagead2.googlesyndication.com/bg/yleD_imbJ2YLIerZJCJUa4yQOSRhPvCXXlQ8m3xKa_Q.js line 2 > eval line 299 > eval line 1 > eval line 1 > eval, line 1: WEBGL_debug_renderer_info is deprecated in Firefox and will be removed. Please use RENDERER.
JavaScript warning: https://pagead2.googlesyndication.com/bg/yleD_imbJ2YLIerZJCJUa4yQOSRhPvCXXlQ8m3xKa_Q.js line 2 > eval line 4585 > eval line 1 > eval line 1 > eval, line 1: WEBGL_debug_renderer_info is deprecated in Firefox and will be removed. Please use RENDERER.
JavaScript warning: https://pagead2.googlesyndication.com/bg/yleD_imbJ2YLIerZJCJUa4yQOSRhPvCXXlQ8m3xKa_Q.js line 2 > eval line 4955 > eval line 1 > eval line 1 > eval, line 1: WEBGL_debug_renderer_info is deprecated in Firefox and will be removed. Please use RENDERER.
JavaScript warning: https://pagead2.googlesyndication.com/bg/yleD_imbJ2YLIerZJCJUa4yQOSRhPvCXXlQ8m3xKa_Q.js line 2 > eval line 7039 > eval line 1 > eval line 1 > eval, line 1: WEBGL_debug_renderer_info is deprecated in Firefox and will be removed. Please use RENDERER.
JavaScript warning: https://pagead2.googlesyndication.com/bg/yleD_imbJ2YLIerZJCJUa4yQOSRhPvCXXlQ8m3xKa_Q.js line 2 > eval line 1894 > eval line 1 > eval line 1 > eval, line 1: WEBGL_debug_renderer_info is deprecated in Firefox and will be removed. Please use RENDERER.
1657356282203	Marionette	INFO	Stopped listening on port 63063
1657356424866	geckodriver	INFO	Listening on 127.0.0.1:63253
1657356427932	mozrunner::runner	INFO	Running command: "C:\\Program Files\\Mozilla Firefox\\firefox.exe" "--marionette" "--remote-debugging-port" "63254" "--remote-allow-hosts" "localhost" "-no-remote" "-profile" "C:\\Users\\Sumer\\AppData\\Local\\Temp\\rust_mozprofile9W7NV8"
1657356428169	Marionette	INFO	Marionette enabled
1657356428172	Marionette	INFO	Listening on port 63264
WebDriver BiDi listening on ws://localhost:63254
Read port: 63264
1657356428389	RemoteAgent	WARN	TLS certificate errors will be ignored for this session
console.warn: SearchSettings: "get: No settings file exists, new profile?" (new NotFoundError("Could not open the file at C:\\Users\\Sumer\\AppData\\Local\\Temp\\rust_mozprofile9W7NV8\\search.json.mozlz4", (void 0)))
DevTools listening on ws://localhost:63254/devtools/browser/d9d8987c-e5b0-4d52-b0a5-91890eee96bc
JavaScript warning: https://pagead2.googlesyndication.com/bg/yleD_imbJ2YLIerZJCJUa4yQOSRhPvCXXlQ8m3xKa_Q.js line 2 > eval line 2412 > eval line 1 > eval line 1 > eval, line 1: WEBGL_debug_renderer_info is deprecated in Firefox and will be removed. Please use RENDERER.
JavaScript warning: https://pagead2.googlesyndication.com/bg/yleD_imbJ2YLIerZJCJUa4yQOSRhPvCXXlQ8m3xKa_Q.js line 2 > eval line 2991 > eval line 1 > eval line 1 > eval, line 1: WEBGL_debug_renderer_info is deprecated in Firefox and will be removed. Please use RENDERER.
JavaScript warning: https://pagead2.googlesyndication.com/bg/yleD_imbJ2YLIerZJCJUa4yQOSRhPvCXXlQ8m3xKa_Q.js line 2 > eval line 4165 > eval line 1 > eval line 1 > eval, line 1: WEBGL_debug_renderer_info is deprecated in Firefox and will be removed. Please use RENDERER.
JavaScript warning: https://pagead2.googlesyndication.com/bg/yleD_imbJ2YLIerZJCJUa4yQOSRhPvCXXlQ8m3xKa_Q.js line 2 > eval line 1371 > eval line 1 > eval line 1 > eval, line 1: WEBGL_debug_renderer_info is deprecated in Firefox and will be removed. Please use RENDERER.
JavaScript warning: https://pagead2.googlesyndication.com/bg/yleD_imbJ2YLIerZJCJUa4yQOSRhPvCXXlQ8m3xKa_Q.js line 2 > eval line 6560 > eval line 1 > eval line 1 > eval, line 1: WEBGL_debug_renderer_info is deprecated in Firefox and will be removed. Please use RENDERER.
JavaScript warning: https://pagead2.googlesyndication.com/bg/yleD_imbJ2YLIerZJCJUa4yQOSRhPvCXXlQ8m3xKa_Q.js line 2 > eval line 1079 > eval line 1 > eval line 1 > eval, line 1: WEBGL_debug_renderer_info is deprecated in Firefox and will be removed. Please use RENDERER.
JavaScript warning: https://pagead2.googlesyndication.com/bg/yleD_imbJ2YLIerZJCJUa4yQOSRhPvCXXlQ8m3xKa_Q.js line 2 > eval line 1616 > eval line 1 > eval line 1 > eval, line 1: WEBGL_debug_renderer_info is deprecated in Firefox and will be removed. Please use RENDERER.
JavaScript warning: https://pagead2.googlesyndication.com/bg/yleD_imbJ2YLIerZJCJUa4yQOSRhPvCXXlQ8m3xKa_Q.js line 2 > eval line 745 > eval line 1 > eval line 1 > eval, line 1: WEBGL_debug_renderer_info is deprecated in Firefox and will be removed. Please use RENDERER.
JavaScript warning: https://pagead2.googlesyndication.com/bg/yleD_imbJ2YLIerZJCJUa4yQOSRhPvCXXlQ8m3xKa_Q.js line 2 > eval line 5916 > eval line 1 > eval line 1 > eval, line 1: WEBGL_debug_renderer_info is deprecated in Firefox and will be removed. Please use RENDERER.
JavaScript warning: https://pagead2.googlesyndication.com/bg/yleD_imbJ2YLIerZJCJUa4yQOSRhPvCXXlQ8m3xKa_Q.js line 2 > eval line 4857 > eval line 1 > eval line 1 > eval, line 1: WEBGL_debug_renderer_info is deprecated in Firefox and will be removed. Please use RENDERER.
1657356457998	Marionette	INFO	Stopped listening on port 63264
1657356652674	geckodriver	INFO	Listening on 127.0.0.1:63461
1657356655732	mozrunner::runner	INFO	Running command: "C:\\Program Files\\Mozilla Firefox\\firefox.exe" "--marionette" "--remote-debugging-port" "63462" "--remote-allow-hosts" "localhost" "-no-remote" "-profile" "C:\\Users\\Sumer\\AppData\\Local\\Temp\\rust_mozprofileVZQucT"
1657356655964	Marionette	INFO	Marionette enabled
1657356655967	Marionette	INFO	Listening on port 63472
WebDriver BiDi listening on ws://localhost:63462
Read port: 63472
1657356656183	RemoteAgent	WARN	TLS certificate errors will be ignored for this session
console.warn: SearchSettings: "get: No settings file exists, new profile?" (new NotFoundError("Could not open the file at C:\\Users\\Sumer\\AppData\\Local\\Temp\\rust_mozprofileVZQucT\\search.json.mozlz4", (void 0)))
DevTools listening on ws://localhost:63462/devtools/browser/dbfbbfe7-868d-490d-9618-09c6183b2607
1657356659227	Marionette	INFO	Stopped listening on port 63472
1657356709951	geckodriver	INFO	Listening on 127.0.0.1:63587
1657356713018	mozrunner::runner	INFO	Running command: "C:\\Program Files\\Mozilla Firefox\\firefox.exe" "--marionette" "--remote-debugging-port" "63588" "--remote-allow-hosts" "localhost" "-no-remote" "-profile" "C:\\Users\\Sumer\\AppData\\Local\\Temp\\rust_mozprofilegPQeqt"
1657356713242	Marionette	INFO	Marionette enabled
1657356713245	Marionette	INFO	Listening on port 63598
WebDriver BiDi listening on ws://localhost:63588
Read port: 63598
1657356713460	RemoteAgent	WARN	TLS certificate errors will be ignored for this session
console.warn: SearchSettings: "get: No settings file exists, new profile?" (new NotFoundError("Could not open the file at C:\\Users\\Sumer\\AppData\\Local\\Temp\\rust_mozprofilegPQeqt\\search.json.mozlz4", (void 0)))
DevTools listening on ws://localhost:63588/devtools/browser/4092075e-a3d9-4a3f-adcd-64aedbef5fc1
1657356715672	Marionette	INFO	Stopped listening on port 63598
[Parent 6468, IPC I/O Parent] WARNING: file /builds/worker/checkouts/gecko/ipc/chromium/src/base/process_util_win.cc:167
1657357014702	geckodriver	INFO	Listening on 127.0.0.1:63823
1657357017770	mozrunner::runner	INFO	Running command: "C:\\Program Files\\Mozilla Firefox\\firefox.exe" "--marionette" "--remote-debugging-port" "63824" "--remote-allow-hosts" "localhost" "-no-remote" "-profile" "C:\\Users\\Sumer\\AppData\\Local\\Temp\\rust_mozprofile4vmHjc"
1657357018042	Marionette	INFO	Marionette enabled
1657357018046	Marionette	INFO	Listening on port 63836
WebDriver BiDi listening on ws://localhost:63824
Read port: 63836
1657357018157	RemoteAgent	WARN	TLS certificate errors will be ignored for this session
console.warn: SearchSettings: "get: No settings file exists, new profile?" (new NotFoundError("Could not open the file at C:\\Users\\Sumer\\AppData\\Local\\Temp\\rust_mozprofile4vmHjc\\search.json.mozlz4", (void 0)))
DevTools listening on ws://localhost:63824/devtools/browser/ae96e6af-f8a6-4014-80ad-f543176473e5
JavaScript error: , line 0: uncaught exception: undefined
JavaScript warning: https://pagead2.googlesyndication.com/bg/yleD_imbJ2YLIerZJCJUa4yQOSRhPvCXXlQ8m3xKa_Q.js line 2 > eval line 1711 > eval line 1 > eval line 1 > eval, line 1: WEBGL_debug_renderer_info is deprecated in Firefox and will be removed. Please use RENDERER.
JavaScript warning: https://pagead2.googlesyndication.com/bg/yleD_imbJ2YLIerZJCJUa4yQOSRhPvCXXlQ8m3xKa_Q.js line 2 > eval line 266 > eval line 1 > eval line 1 > eval, line 1: WEBGL_debug_renderer_info is deprecated in Firefox and will be removed. Please use RENDERER.
JavaScript warning: https://pagead2.googlesyndication.com/bg/yleD_imbJ2YLIerZJCJUa4yQOSRhPvCXXlQ8m3xKa_Q.js line 2 > eval line 2116 > eval line 1 > eval line 1 > eval, line 1: WEBGL_debug_renderer_info is deprecated in Firefox and will be removed. Please use RENDERER.
JavaScript warning: https://pagead2.googlesyndication.com/bg/yleD_imbJ2YLIerZJCJUa4yQOSRhPvCXXlQ8m3xKa_Q.js line 2 > eval line 3747 > eval line 1 > eval line 1 > eval, line 1: WEBGL_debug_renderer_info is deprecated in Firefox and will be removed. Please use RENDERER.
JavaScript warning: https://pagead2.googlesyndication.com/bg/yleD_imbJ2YLIerZJCJUa4yQOSRhPvCXXlQ8m3xKa_Q.js line 2 > eval line 7381 > eval line 1 > eval line 1 > eval, line 1: WEBGL_debug_renderer_info is deprecated in Firefox and will be removed. Please use RENDERER.
JavaScript warning: https://pagead2.googlesyndication.com/bg/yleD_imbJ2YLIerZJCJUa4yQOSRhPvCXXlQ8m3xKa_Q.js line 2 > eval line 210 > eval line 1 > eval line 1 > eval, line 1: WEBGL_debug_renderer_info is deprecated in Firefox and will be removed. Please use RENDERER.
JavaScript warning: https://pagead2.googlesyndication.com/bg/yleD_imbJ2YLIerZJCJUa4yQOSRhPvCXXlQ8m3xKa_Q.js line 2 > eval line 5411 > eval line 1 > eval line 1 > eval, line 1: WEBGL_debug_renderer_info is deprecated in Firefox and will be removed. Please use RENDERER.
JavaScript warning: https://pagead2.googlesyndication.com/bg/yleD_imbJ2YLIerZJCJUa4yQOSRhPvCXXlQ8m3xKa_Q.js line 2 > eval line 3284 > eval line 1 > eval line 1 > eval, line 1: WEBGL_debug_renderer_info is deprecated in Firefox and will be removed. Please use RENDERER.
1657357069099	geckodriver	INFO	Listening on 127.0.0.1:64032
1657357072162	mozrunner::runner	INFO	Running command: "C:\\Program Files\\Mozilla Firefox\\firefox.exe" "--marionette" "--remote-debugging-port" "64033" "--remote-allow-hosts" "localhost" "-no-remote" "-profile" "C:\\Users\\Sumer\\AppData\\Local\\Temp\\rust_mozprofileFn2wp2"
1657357072393	Marionette	INFO	Marionette enabled
1657357072396	Marionette	INFO	Listening on port 64044
WebDriver BiDi listening on ws://localhost:64033
Read port: 64044
1657357072620	RemoteAgent	WARN	TLS certificate errors will be ignored for this session
console.warn: SearchSettings: "get: No settings file exists, new profile?" (new NotFoundError("Could not open the file at C:\\Users\\Sumer\\AppData\\Local\\Temp\\rust_mozprofileFn2wp2\\search.json.mozlz4", (void 0)))
DevTools listening on ws://localhost:64033/devtools/browser/d801ede1-7f05-4744-a4e1-e28cf35aa396
JavaScript error: , line 0: uncaught exception: undefined
JavaScript warning: https://pagead2.googlesyndication.com/bg/yleD_imbJ2YLIerZJCJUa4yQOSRhPvCXXlQ8m3xKa_Q.js line 2 > eval line 3153 > eval line 1 > eval line 1 > eval, line 1: WEBGL_debug_renderer_info is deprecated in Firefox and will be removed. Please use RENDERER.
JavaScript warning: https://pagead2.googlesyndication.com/bg/yleD_imbJ2YLIerZJCJUa4yQOSRhPvCXXlQ8m3xKa_Q.js line 2 > eval line 7583 > eval line 1 > eval line 1 > eval, line 1: WEBGL_debug_renderer_info is deprecated in Firefox and will be removed. Please use RENDERER.
JavaScript warning: https://pagead2.googlesyndication.com/bg/yleD_imbJ2YLIerZJCJUa4yQOSRhPvCXXlQ8m3xKa_Q.js line 2 > eval line 6545 > eval line 1 > eval line 1 > eval, line 1: WEBGL_debug_renderer_info is deprecated in Firefox and will be removed. Please use RENDERER.
JavaScript warning: https://pagead2.googlesyndication.com/bg/yleD_imbJ2YLIerZJCJUa4yQOSRhPvCXXlQ8m3xKa_Q.js line 2 > eval line 251 > eval line 1 > eval line 1 > eval, line 1: WEBGL_debug_renderer_info is deprecated in Firefox and will be removed. Please use RENDERER.
JavaScript warning: https://pagead2.googlesyndication.com/bg/yleD_imbJ2YLIerZJCJUa4yQOSRhPvCXXlQ8m3xKa_Q.js line 2 > eval line 3376 > eval line 1 > eval line 1 > eval, line 1: WEBGL_debug_renderer_info is deprecated in Firefox and will be removed. Please use RENDERER.
JavaScript warning: https://pagead2.googlesyndication.com/bg/yleD_imbJ2YLIerZJCJUa4yQOSRhPvCXXlQ8m3xKa_Q.js line 2 > eval line 395 > eval line 1 > eval line 1 > eval, line 1: WEBGL_debug_renderer_info is deprecated in Firefox and will be removed. Please use RENDERER.
JavaScript warning: https://pagead2.googlesyndication.com/bg/yleD_imbJ2YLIerZJCJUa4yQOSRhPvCXXlQ8m3xKa_Q.js line 2 > eval line 2044 > eval line 1 > eval line 1 > eval, line 1: WEBGL_debug_renderer_info is deprecated in Firefox and will be removed. Please use RENDERER.
JavaScript warning: https://pagead2.googlesyndication.com/bg/yleD_imbJ2YLIerZJCJUa4yQOSRhPvCXXlQ8m3xKa_Q.js line 2 > eval line 7646 > eval line 1 > eval line 1 > eval, line 1: WEBGL_debug_renderer_info is deprecated in Firefox and will be removed. Please use RENDERER.
JavaScript warning: https://pagead2.googlesyndication.com/bg/yleD_imbJ2YLIerZJCJUa4yQOSRhPvCXXlQ8m3xKa_Q.js line 2 > eval line 7652 > eval line 1 > eval line 1 > eval, line 1: WEBGL_debug_renderer_info is deprecated in Firefox and will be removed. Please use RENDERER.
1657357100035	Marionette	INFO	Stopped listening on port 64044
JavaScript error: , line 0: TypeError: NetworkError when attempting to fetch resource.
JavaScript error: , line 0: TypeError: NetworkError when attempting to fetch resource.
JavaScript error: , line 0: TypeError: NetworkError when attempting to fetch resource.
console.warn: TopSitesFeed: Failed to fetch data from Contile server: NetworkError when attempting to fetch resource.
1657357124143	geckodriver	INFO	Listening on 127.0.0.1:64253
1657357127202	mozrunner::runner	INFO	Running command: "C:\\Program Files\\Mozilla Firefox\\firefox.exe" "--marionette" "--remote-debugging-port" "64254" "--remote-allow-hosts" "localhost" "-no-remote" "-profile" "C:\\Users\\Sumer\\AppData\\Local\\Temp\\rust_mozprofileyO9WPc"
1657357127454	Marionette	INFO	Marionette enabled
1657357127459	Marionette	INFO	Listening on port 64265
WebDriver BiDi listening on ws://localhost:64254
Read port: 64265
1657357127585	RemoteAgent	WARN	TLS certificate errors will be ignored for this session
console.warn: SearchSettings: "get: No settings file exists, new profile?" (new NotFoundError("Could not open the file at C:\\Users\\Sumer\\AppData\\Local\\Temp\\rust_mozprofileyO9WPc\\search.json.mozlz4", (void 0)))
DevTools listening on ws://localhost:64254/devtools/browser/e721d01b-8e6a-49f5-a1d5-b875e86213a1
JavaScript warning: https://pagead2.googlesyndication.com/bg/yleD_imbJ2YLIerZJCJUa4yQOSRhPvCXXlQ8m3xKa_Q.js line 2 > eval line 7621 > eval line 1 > eval line 1 > eval, line 1: WEBGL_debug_renderer_info is deprecated in Firefox and will be removed. Please use RENDERER.
1657357133173	Marionette	INFO	Stopped listening on port 64265
1657357148046	geckodriver	INFO	Listening on 127.0.0.1:64412
1657357151116	mozrunner::runner	INFO	Running command: "C:\\Program Files\\Mozilla Firefox\\firefox.exe" "--marionette" "--remote-debugging-port" "64413" "--remote-allow-hosts" "localhost" "-no-remote" "-profile" "C:\\Users\\Sumer\\AppData\\Local\\Temp\\rust_mozprofileo52y2A"
1657357151344	Marionette	INFO	Marionette enabled
1657357151347	Marionette	INFO	Listening on port 64423
WebDriver BiDi listening on ws://localhost:64413
Read port: 64423
1657357151575	RemoteAgent	WARN	TLS certificate errors will be ignored for this session
console.warn: SearchSettings: "get: No settings file exists, new profile?" (new NotFoundError("Could not open the file at C:\\Users\\Sumer\\AppData\\Local\\Temp\\rust_mozprofileo52y2A\\search.json.mozlz4", (void 0)))
DevTools listening on ws://localhost:64413/devtools/browser/b42e1311-68c6-4494-9ea8-2f4d2b5015f5
1657357156071	Marionette	INFO	Stopped listening on port 64423
console.warn: TopSitesFeed: Failed to fetch data from Contile server: NetworkError when attempting to fetch resource.
[Parent 16892, IPC I/O Parent] WARNING: file /builds/worker/checkouts/gecko/ipc/chromium/src/base/process_util_win.cc:167
1657524675851	geckodriver	INFO	Listening on 127.0.0.1:49922
1657524678969	mozrunner::runner	INFO	Running command: "C:\\Program Files\\Mozilla Firefox\\firefox.exe" "--marionette" "--remote-debugging-port" "49923" "--remote-allow-hosts" "localhost" "-no-remote" "-profile" "C:\\Users\\Sumer\\AppData\\Local\\Temp\\rust_mozprofileDeCmVq"
1657524679594	Marionette	INFO	Marionette enabled
1657524679599	Marionette	INFO	Listening on port 49934
WebDriver BiDi listening on ws://localhost:49923
Read port: 49934
1657524679779	RemoteAgent	WARN	TLS certificate errors will be ignored for this session
console.warn: SearchSettings: "get: No settings file exists, new profile?" (new NotFoundError("Could not open the file at C:\\Users\\Sumer\\AppData\\Local\\Temp\\rust_mozprofileDeCmVq\\search.json.mozlz4", (void 0)))
DevTools listening on ws://localhost:49923/devtools/browser/3387bd0b-ca5a-4e37-b8dc-fdb5e6ed1f54
JavaScript warning: https://pagead2.googlesyndication.com/bg/k_X99N4Bu7LAEiAV5XH-2E-AmSxVmuYLUAxNMPpeAtI.js line 2 > eval line 3787 > eval line 1 > eval line 1 > eval, line 1: WEBGL_debug_renderer_info is deprecated in Firefox and will be removed. Please use RENDERER.
JavaScript warning: https://pagead2.googlesyndication.com/bg/k_X99N4Bu7LAEiAV5XH-2E-AmSxVmuYLUAxNMPpeAtI.js line 2 > eval line 4047 > eval line 1 > eval line 1 > eval, line 1: WEBGL_debug_renderer_info is deprecated in Firefox and will be removed. Please use RENDERER.
JavaScript warning: https://pagead2.googlesyndication.com/bg/k_X99N4Bu7LAEiAV5XH-2E-AmSxVmuYLUAxNMPpeAtI.js line 2 > eval line 2039 > eval line 1 > eval line 1 > eval, line 1: WEBGL_debug_renderer_info is deprecated in Firefox and will be removed. Please use RENDERER.
JavaScript error: , line 0: uncaught exception: undefined
JavaScript error: , line 0: uncaught exception: undefined
JavaScript warning: https://pagead2.googlesyndication.com/bg/k_X99N4Bu7LAEiAV5XH-2E-AmSxVmuYLUAxNMPpeAtI.js line 2 > eval line 2763 > eval line 1 > eval line 1 > eval, line 1: WEBGL_debug_renderer_info is deprecated in Firefox and will be removed. Please use RENDERER.
1657524754480	Marionette	INFO	Stopped listening on port 49934
