1657525526678	geckodriver	INFO	Listening on 127.0.0.1:50548
1657525529762	mozrunner::runner	INFO	Running command: "C:\\Program Files\\Mozilla Firefox\\firefox.exe" "--marionette" "--remote-debugging-port" "50549" "--remote-allow-hosts" "localhost" "-no-remote" "-profile" "C:\\Users\\Sumer\\AppData\\Local\\Temp\\rust_mozprofileHCsQq3"
1657525530237	Marionette	INFO	Marionette enabled
1657525530242	Marionette	INFO	Listening on port 50561
WebDriver BiDi listening on ws://localhost:50549
Read port: 50561
1657525530456	RemoteAgent	WARN	TLS certificate errors will be ignored for this session
console.warn: SearchSettings: "get: No settings file exists, new profile?" (new NotFoundError("Could not open the file at C:\\Users\\Sumer\\AppData\\Local\\Temp\\rust_mozprofileHCsQq3\\search.json.mozlz4", (void 0)))
DevTools listening on ws://localhost:50549/devtools/browser/962277cb-632d-4dbb-baeb-22fb77b0048f
1657525540325	Marionette	INFO	Stopped listening on port 50561
1657525554210	geckodriver	INFO	Listening on 127.0.0.1:50625
1657525557288	mozrunner::runner	INFO	Running command: "C:\\Program Files\\Mozilla Firefox\\firefox.exe" "--marionette" "--remote-debugging-port" "50626" "--remote-allow-hosts" "localhost" "-no-remote" "-profile" "C:\\Users\\Sumer\\AppData\\Local\\Temp\\rust_mozprofilePPJ71d"
1657525557748	Marionette	INFO	Marionette enabled
1657525557753	Marionette	INFO	Listening on port 50637
WebDriver BiDi listening on ws://localhost:50626
Read port: 50637
1657525557919	RemoteAgent	WARN	TLS certificate errors will be ignored for this session
console.warn: SearchSettings: "get: No settings file exists, new profile?" (new NotFoundError("Could not open the file at C:\\Users\\Sumer\\AppData\\Local\\Temp\\rust_mozprofilePPJ71d\\search.json.mozlz4", (void 0)))
DevTools listening on ws://localhost:50626/devtools/browser/dfb7de19-a268-4dbc-ad59-44c6a2da7a5c
1657525576406	Marionette	INFO	Stopped listening on port 50637
[Parent 3152, IPC I/O Parent] WARNING: file /builds/worker/checkouts/gecko/ipc/chromium/src/base/process_util_win.cc:167
1657526079467	geckodriver	INFO	Listening on 127.0.0.1:50898
1657526082551	mozrunner::runner	INFO	Running command: "C:\\Program Files\\Mozilla Firefox\\firefox.exe" "--marionette" "--remote-debugging-port" "50899" "--remote-allow-hosts" "localhost" "-no-remote" "-profile" "C:\\Users\\Sumer\\AppData\\Local\\Temp\\rust_mozprofilehsXFGj"
1657526083010	Marionette	INFO	Marionette enabled
1657526083015	Marionette	INFO	Listening on port 50909
WebDriver BiDi listening on ws://localhost:50899
Read port: 50909
1657526083293	RemoteAgent	WARN	TLS certificate errors will be ignored for this session
console.warn: SearchSettings: "get: No settings file exists, new profile?" (new NotFoundError("Could not open the file at C:\\Users\\Sumer\\AppData\\Local\\Temp\\rust_mozprofilehsXFGj\\search.json.mozlz4", (void 0)))
DevTools listening on ws://localhost:50899/devtools/browser/97f10620-2521-4ee6-b9c1-4e61a2421d3e
1657526108638	Marionette	INFO	Stopped listening on port 50909
console.warn: TopSitesFeed: Failed to fetch data from Contile server: NetworkError when attempting to fetch resource.
1657526885907	geckodriver	INFO	Listening on 127.0.0.1:51058
1657526888980	mozrunner::runner	INFO	Running command: "C:\\Program Files\\Mozilla Firefox\\firefox.exe" "--marionette" "--remote-debugging-port" "51059" "--remote-allow-hosts" "localhost" "-no-remote" "-profile" "C:\\Users\\Sumer\\AppData\\Local\\Temp\\rust_mozprofileA0eKNP"
1657526889507	Marionette	INFO	Marionette enabled
1657526889520	Marionette	INFO	Listening on port 51068
Read port: 51068
WebDriver BiDi listening on ws://localhost:51059
1657526889698	RemoteAgent	WARN	TLS certificate errors will be ignored for this session
console.warn: SearchSettings: "get: No settings file exists, new profile?" (new NotFoundError("Could not open the file at C:\\Users\\Sumer\\AppData\\Local\\Temp\\rust_mozprofileA0eKNP\\search.json.mozlz4", (void 0)))
DevTools listening on ws://localhost:51059/devtools/browser/f597cff3-e399-4d0c-b92c-b0fc1c62a996
1657526963663	geckodriver	INFO	Listening on 127.0.0.1:51156
1657526966731	mozrunner::runner	INFO	Running command: "C:\\Program Files\\Mozilla Firefox\\firefox.exe" "--marionette" "--remote-debugging-port" "51157" "--remote-allow-hosts" "localhost" "-no-remote" "-profile" "C:\\Users\\Sumer\\AppData\\Local\\Temp\\rust_mozprofile0tl09x"
1657526967188	Marionette	INFO	Marionette enabled
1657526967193	Marionette	INFO	Listening on port 51168
WebDriver BiDi listening on ws://localhost:51157
Read port: 51168
1657526967449	RemoteAgent	WARN	TLS certificate errors will be ignored for this session
console.warn: SearchSettings: "get: No settings file exists, new profile?" (new NotFoundError("Could not open the file at C:\\Users\\Sumer\\AppData\\Local\\Temp\\rust_mozprofile0tl09x\\search.json.mozlz4", (void 0)))
DevTools listening on ws://localhost:51157/devtools/browser/2c13f0b6-3f71-4980-ae62-f04f8ab47b08
1657526983235	Marionette	INFO	Stopped listening on port 51168
console.warn: TopSitesFeed: Failed to fetch data from Contile server: NetworkError when attempting to fetch resource.
[Parent 14256, IPC I/O Parent] WARNING: file /builds/worker/checkouts/gecko/ipc/chromium/src/base/process_util_win.cc:167
1657526989347	geckodriver	INFO	Listening on 127.0.0.1:51221
1657526992444	mozrunner::runner	INFO	Running command: "C:\\Program Files\\Mozilla Firefox\\firefox.exe" "--marionette" "--remote-debugging-port" "51222" "--remote-allow-hosts" "localhost" "-no-remote" "-profile" "C:\\Users\\Sumer\\AppData\\Local\\Temp\\rust_mozprofileMk0ixr"
1657526992962	Marionette	INFO	Marionette enabled
1657526992974	Marionette	INFO	Listening on port 51233
WebDriver BiDi listening on ws://localhost:51222
Read port: 51233
1657526993204	RemoteAgent	WARN	TLS certificate errors will be ignored for this session
console.warn: SearchSettings: "get: No settings file exists, new profile?" (new NotFoundError("Could not open the file at C:\\Users\\Sumer\\AppData\\Local\\Temp\\rust_mozprofileMk0ixr\\search.json.mozlz4", (void 0)))
DevTools listening on ws://localhost:51222/devtools/browser/fa41e3dd-1b5b-4b6b-94b1-9e131c634eae
1657527021854	Marionette	INFO	Stopped listening on port 51233
[Parent 7096, IPC I/O Parent] WARNING: file /builds/worker/checkouts/gecko/ipc/chromium/src/base/process_util_win.cc:167
1657529842586	geckodriver	INFO	Listening on 127.0.0.1:51585
1657529845681	mozrunner::runner	INFO	Running command: "C:\\Program Files\\Mozilla Firefox\\firefox.exe" "--marionette" "--remote-debugging-port" "51586" "--remote-allow-hosts" "localhost" "-no-remote" "-profile" "C:\\Users\\Sumer\\AppData\\Local\\Temp\\rust_mozprofilekKCz3z"
1657529846171	Marionette	INFO	Marionette enabled
1657529846176	Marionette	INFO	Listening on port 51596
WebDriver BiDi listening on ws://localhost:51586
Read port: 51596
1657529846352	RemoteAgent	WARN	TLS certificate errors will be ignored for this session
console.warn: SearchSettings: "get: No settings file exists, new profile?" (new NotFoundError("Could not open the file at C:\\Users\\Sumer\\AppData\\Local\\Temp\\rust_mozprofilekKCz3z\\search.json.mozlz4", (void 0)))
DevTools listening on ws://localhost:51586/devtools/browser/88ba4f95-fcd8-48ee-a67e-929c06bd0d3a
1657529864387	Marionette	INFO	Stopped listening on port 51596
console.warn: TopSitesFeed: Failed to fetch data from Contile server: NetworkError when attempting to fetch resource.
1657529971486	geckodriver	INFO	Listening on 127.0.0.1:51690
1657529974551	mozrunner::runner	INFO	Running command: "C:\\Program Files\\Mozilla Firefox\\firefox.exe" "--marionette" "--remote-debugging-port" "51691" "--remote-allow-hosts" "localhost" "-no-remote" "-profile" "C:\\Users\\Sumer\\AppData\\Local\\Temp\\rust_mozprofileqOIlN4"
1657529975076	Marionette	INFO	Marionette enabled
1657529975081	Marionette	INFO	Listening on port 51701
WebDriver BiDi listening on ws://localhost:51691
Read port: 51701
1657529975222	RemoteAgent	WARN	TLS certificate errors will be ignored for this session
console.warn: SearchSettings: "get: No settings file exists, new profile?" (new NotFoundError("Could not open the file at C:\\Users\\Sumer\\AppData\\Local\\Temp\\rust_mozprofileqOIlN4\\search.json.mozlz4", (void 0)))
DevTools listening on ws://localhost:51691/devtools/browser/f994ca7c-3ba1-4072-8102-488084064977
1657530062677	geckodriver	INFO	Listening on 127.0.0.1:51832
1657530065766	mozrunner::runner	INFO	Running command: "C:\\Program Files\\Mozilla Firefox\\firefox.exe" "--marionette" "--remote-debugging-port" "51833" "--remote-allow-hosts" "localhost" "-no-remote" "-profile" "C:\\Users\\Sumer\\AppData\\Local\\Temp\\rust_mozprofilet48wqE"
1657530066242	Marionette	INFO	Marionette enabled
1657530066248	Marionette	INFO	Listening on port 51842
WebDriver BiDi listening on ws://localhost:51833
Read port: 51842
1657530066414	RemoteAgent	WARN	TLS certificate errors will be ignored for this session
console.warn: SearchSettings: "get: No settings file exists, new profile?" (new NotFoundError("Could not open the file at C:\\Users\\Sumer\\AppData\\Local\\Temp\\rust_mozprofilet48wqE\\search.json.mozlz4", (void 0)))
DevTools listening on ws://localhost:51833/devtools/browser/520f6690-c109-4288-91ec-925d55a4b06b
1657530078150	Marionette	INFO	Stopped listening on port 51842
console.warn: TopSitesFeed: Failed to fetch data from Contile server: NetworkError when attempting to fetch resource.
[Parent 4636, IPC I/O Parent] WARNING: file /builds/worker/checkouts/gecko/ipc/chromium/src/base/process_util_win.cc:167
1657530154440	geckodriver	INFO	Listening on 127.0.0.1:51898
1657530157521	mozrunner::runner	INFO	Running command: "C:\\Program Files\\Mozilla Firefox\\firefox.exe" "--marionette" "--remote-debugging-port" "51899" "--remote-allow-hosts" "localhost" "-no-remote" "-profile" "C:\\Users\\Sumer\\AppData\\Local\\Temp\\rust_mozprofileR0OoLI"
1657530157963	Marionette	INFO	Marionette enabled
1657530157971	Marionette	INFO	Listening on port 51908
WebDriver BiDi listening on ws://localhost:51899
Read port: 51908
1657530158140	RemoteAgent	WARN	TLS certificate errors will be ignored for this session
console.warn: SearchSettings: "get: No settings file exists, new profile?" (new NotFoundError("Could not open the file at C:\\Users\\Sumer\\AppData\\Local\\Temp\\rust_mozprofileR0OoLI\\search.json.mozlz4", (void 0)))
DevTools listening on ws://localhost:51899/devtools/browser/4bf55e20-feaf-44c5-bc27-1f8bdd1fabce
1657530342959	geckodriver	INFO	Listening on 127.0.0.1:52066
1657530346040	mozrunner::runner	INFO	Running command: "C:\\Program Files\\Mozilla Firefox\\firefox.exe" "--marionette" "--remote-debugging-port" "52067" "--remote-allow-hosts" "localhost" "-no-remote" "-profile" "C:\\Users\\Sumer\\AppData\\Local\\Temp\\rust_mozprofilenokbPc"
1657530346571	Marionette	INFO	Marionette enabled
1657530346576	Marionette	INFO	Listening on port 52077
Read port: 52077
WebDriver BiDi listening on ws://localhost:52067
1657530346749	RemoteAgent	WARN	TLS certificate errors will be ignored for this session
console.warn: SearchSettings: "get: No settings file exists, new profile?" (new NotFoundError("Could not open the file at C:\\Users\\Sumer\\AppData\\Local\\Temp\\rust_mozprofilenokbPc\\search.json.mozlz4", (void 0)))
DevTools listening on ws://localhost:52067/devtools/browser/d9f73032-4bea-4031-a418-364667ba1c1f
1657530357762	Marionette	INFO	Stopped listening on port 52077
console.warn: TopSitesFeed: Failed to fetch data from Contile server: NetworkError when attempting to fetch resource.
1657531685037	geckodriver	INFO	Listening on 127.0.0.1:52325
1657531688119	mozrunner::runner	INFO	Running command: "C:\\Program Files\\Mozilla Firefox\\firefox.exe" "--marionette" "--remote-debugging-port" "52326" "--remote-allow-hosts" "localhost" "-no-remote" "-profile" "C:\\Users\\Sumer\\AppData\\Local\\Temp\\rust_mozprofilez59h9n"
1657531688417	Marionette	INFO	Marionette enabled
1657531688420	Marionette	INFO	Listening on port 52337
WebDriver BiDi listening on ws://localhost:52326
Read port: 52337
1657531688542	RemoteAgent	WARN	TLS certificate errors will be ignored for this session
console.warn: SearchSettings: "get: No settings file exists, new profile?" (new NotFoundError("Could not open the file at C:\\Users\\Sumer\\AppData\\Local\\Temp\\rust_mozprofilez59h9n\\search.json.mozlz4", (void 0)))
DevTools listening on ws://localhost:52326/devtools/browser/33c876ca-0a67-41a7-9916-df8dfb023b26
1657531698161	Marionette	INFO	Stopped listening on port 52337
console.warn: TopSitesFeed: Failed to fetch data from Contile server: NetworkError when attempting to fetch resource.
1657531711600	geckodriver	INFO	Listening on 127.0.0.1:52395
1657531714673	mozrunner::runner	INFO	Running command: "C:\\Program Files\\Mozilla Firefox\\firefox.exe" "--marionette" "--remote-debugging-port" "52396" "--remote-allow-hosts" "localhost" "-no-remote" "-profile" "C:\\Users\\Sumer\\AppData\\Local\\Temp\\rust_mozprofileajuZWw"
1657531714900	Marionette	INFO	Marionette enabled
1657531714903	Marionette	INFO	Listening on port 52406
WebDriver BiDi listening on ws://localhost:52396
Read port: 52406
1657531715120	RemoteAgent	WARN	TLS certificate errors will be ignored for this session
console.warn: SearchSettings: "get: No settings file exists, new profile?" (new NotFoundError("Could not open the file at C:\\Users\\Sumer\\AppData\\Local\\Temp\\rust_mozprofileajuZWw\\search.json.mozlz4", (void 0)))
DevTools listening on ws://localhost:52396/devtools/browser/0680a256-15eb-44a3-86ba-482319a6c813
1657531724583	Marionette	INFO	Stopped listening on port 52406
console.warn: TopSitesFeed: Failed to fetch data from Contile server: NetworkError when attempting to fetch resource.
1657531913419	geckodriver	INFO	Listening on 127.0.0.1:52579
1657531916470	mozrunner::runner	INFO	Running command: "C:\\Program Files\\Mozilla Firefox\\firefox.exe" "--marionette" "--remote-debugging-port" "52580" "--remote-allow-hosts" "localhost" "-no-remote" "-profile" "C:\\Users\\Sumer\\AppData\\Local\\Temp\\rust_mozprofileRzCVO0"
1657531916700	Marionette	INFO	Marionette enabled
1657531916703	Marionette	INFO	Listening on port 52592
WebDriver BiDi listening on ws://localhost:52580
Read port: 52592
1657531916917	RemoteAgent	WARN	TLS certificate errors will be ignored for this session
console.warn: SearchSettings: "get: No settings file exists, new profile?" (new NotFoundError("Could not open the file at C:\\Users\\Sumer\\AppData\\Local\\Temp\\rust_mozprofileRzCVO0\\search.json.mozlz4", (void 0)))
DevTools listening on ws://localhost:52580/devtools/browser/c433028d-7d30-4259-aaec-95c08f397fb8
console.warn: LoginRecipes: "getRecipes: falling back to a synchronous message for:" "https://www.instagram.com"
SourceActor threw an exception: [Exception... "Component returned failure code: 0x80470002 (NS_BASE_STREAM_CLOSED) [nsIInputStream.available]"  nsresult: "0x80470002 (NS_BASE_STREAM_CLOSED)"  location: "JS frame :: resource://devtools/shared/DevToolsUtils.js :: onResponse :: line 596"  data: no]
Stack: onResponse@resource://devtools/shared/DevToolsUtils.js:596:34
onStopRequest@resource://gre/modules/NetUtil.jsm:128:18
Line: 596, column: 0
console.error: ({})
JavaScript error: resource://devtools/shared/DevToolsUtils.js, line 596: NS_BASE_STREAM_CLOSED: Component returned failure code: 0x80470002 (NS_BASE_STREAM_CLOSED) [nsIInputStream.available]
SourceActor threw an exception: [Exception... "Component returned failure code: 0x80470002 (NS_BASE_STREAM_CLOSED) [nsIInputStream.available]"  nsresult: "0x80470002 (NS_BASE_STREAM_CLOSED)"  location: "JS frame :: resource://devtools/shared/DevToolsUtils.js :: onResponse :: line 596"  data: no]
Stack: onResponse@resource://devtools/shared/DevToolsUtils.js:596:34
onStopRequest@resource://gre/modules/NetUtil.jsm:128:18
Line: 596, column: 0
console.error: ({})
JavaScript error: resource://devtools/shared/DevToolsUtils.js, line 596: NS_BASE_STREAM_CLOSED: Component returned failure code: 0x80470002 (NS_BASE_STREAM_CLOSED) [nsIInputStream.available]
JavaScript error: resource://gre/modules/AsyncShutdown.jsm, line 575: NotFoundError: No such JSWindowActor 'DevToolsFrame'
1657531936014	Marionette	INFO	Stopped listening on port 52592
1657531959643	geckodriver	INFO	Listening on 127.0.0.1:52663
1657531962716	mozrunner::runner	INFO	Running command: "C:\\Program Files\\Mozilla Firefox\\firefox.exe" "--marionette" "--remote-debugging-port" "52664" "--remote-allow-hosts" "localhost" "-no-remote" "-profile" "C:\\Users\\Sumer\\AppData\\Local\\Temp\\rust_mozprofileuIEVo3"
1657531962942	Marionette	INFO	Marionette enabled
1657531962945	Marionette	INFO	Listening on port 52676
WebDriver BiDi listening on ws://localhost:52664
Read port: 52676
1657531963159	RemoteAgent	WARN	TLS certificate errors will be ignored for this session
console.warn: SearchSettings: "get: No settings file exists, new profile?" (new NotFoundError("Could not open the file at C:\\Users\\Sumer\\AppData\\Local\\Temp\\rust_mozprofileuIEVo3\\search.json.mozlz4", (void 0)))
DevTools listening on ws://localhost:52664/devtools/browser/6d3951ce-d2aa-4b4e-8b4d-36ff12dd52c8
1657531976988	Marionette	INFO	Stopped listening on port 52676
console.warn: TopSitesFeed: Failed to fetch data from Contile server: NetworkError when attempting to fetch resource.
1657532012969	geckodriver	INFO	Listening on 127.0.0.1:52751
1657532016019	mozrunner::runner	INFO	Running command: "C:\\Program Files\\Mozilla Firefox\\firefox.exe" "--marionette" "--remote-debugging-port" "52752" "--remote-allow-hosts" "localhost" "-no-remote" "-profile" "C:\\Users\\Sumer\\AppData\\Local\\Temp\\rust_mozprofilehQRGtc"
1657532016248	Marionette	INFO	Marionette enabled
1657532016252	Marionette	INFO	Listening on port 52764
WebDriver BiDi listening on ws://localhost:52752
Read port: 52764
1657532016467	RemoteAgent	WARN	TLS certificate errors will be ignored for this session
console.warn: SearchSettings: "get: No settings file exists, new profile?" (new NotFoundError("Could not open the file at C:\\Users\\Sumer\\AppData\\Local\\Temp\\rust_mozprofilehQRGtc\\search.json.mozlz4", (void 0)))
DevTools listening on ws://localhost:52752/devtools/browser/d9f18b2f-3fc9-4914-bf6d-93552014b40a
1657546961558	geckodriver	INFO	Listening on 127.0.0.1:53506
1657546964599	mozrunner::runner	INFO	Running command: "C:\\Program Files\\Mozilla Firefox\\firefox.exe" "--marionette" "--remote-debugging-port" "53507" "--remote-allow-hosts" "localhost" "-no-remote" "-profile" "C:\\Users\\Sumer\\AppData\\Local\\Temp\\rust_mozprofile6a5QoD"
1657546964933	Marionette	INFO	Marionette enabled
1657546964937	Marionette	INFO	Listening on port 53518
WebDriver BiDi listening on ws://localhost:53507
Read port: 53518
1657546965179	RemoteAgent	WARN	TLS certificate errors will be ignored for this session
console.warn: SearchSettings: "get: No settings file exists, new profile?" (new NotFoundError("Could not open the file at C:\\Users\\Sumer\\AppData\\Local\\Temp\\rust_mozprofile6a5QoD\\search.json.mozlz4", (void 0)))
DevTools listening on ws://localhost:53507/devtools/browser/a86c840f-bba2-4871-9b58-51a9c0afb7fc
1657546980756	Marionette	INFO	Stopped listening on port 53518
console.warn: TopSitesFeed: Failed to fetch data from Contile server: NetworkError when attempting to fetch resource.
[Parent 10232, IPC I/O Parent] WARNING: file /builds/worker/checkouts/gecko/ipc/chromium/src/base/process_util_win.cc:167
1657547050293	geckodriver	INFO	Listening on 127.0.0.1:53605
1657547053379	mozrunner::runner	INFO	Running command: "C:\\Program Files\\Mozilla Firefox\\firefox.exe" "--marionette" "--remote-debugging-port" "53606" "--remote-allow-hosts" "localhost" "-no-remote" "-profile" "C:\\Users\\Sumer\\AppData\\Local\\Temp\\rust_mozprofileIyRRrK"
1657547053613	Marionette	INFO	Marionette enabled
1657547053616	Marionette	INFO	Listening on port 53616
WebDriver BiDi listening on ws://localhost:53606
Read port: 53616
1657547053827	RemoteAgent	WARN	TLS certificate errors will be ignored for this session
console.warn: SearchSettings: "get: No settings file exists, new profile?" (new NotFoundError("Could not open the file at C:\\Users\\Sumer\\AppData\\Local\\Temp\\rust_mozprofileIyRRrK\\search.json.mozlz4", (void 0)))
DevTools listening on ws://localhost:53606/devtools/browser/14c7441a-fa7a-48e2-b3d5-f39465256395
1657547062687	Marionette	INFO	Stopped listening on port 53616
console.warn: TopSitesFeed: Failed to fetch data from Contile server: NetworkError when attempting to fetch resource.
[Parent 12420, IPC I/O Parent] WARNING: file /builds/worker/checkouts/gecko/ipc/chromium/src/base/process_util_win.cc:167
1657547184594	geckodriver	INFO	Listening on 127.0.0.1:53688
1657547187637	mozrunner::runner	INFO	Running command: "C:\\Program Files\\Mozilla Firefox\\firefox.exe" "--marionette" "--remote-debugging-port" "53689" "--remote-allow-hosts" "localhost" "-no-remote" "-profile" "C:\\Users\\Sumer\\AppData\\Local\\Temp\\rust_mozprofileiHBKi9"
1657547187877	Marionette	INFO	Marionette enabled
1657547187881	Marionette	INFO	Listening on port 53698
WebDriver BiDi listening on ws://localhost:53689
Read port: 53698
1657547188107	RemoteAgent	WARN	TLS certificate errors will be ignored for this session
console.warn: SearchSettings: "get: No settings file exists, new profile?" (new NotFoundError("Could not open the file at C:\\Users\\Sumer\\AppData\\Local\\Temp\\rust_mozprofileiHBKi9\\search.json.mozlz4", (void 0)))
DevTools listening on ws://localhost:53689/devtools/browser/dde2f941-b0e0-4f42-a95a-00ec93f24be4
1657547195731	Marionette	INFO	Stopped listening on port 53698
console.warn: TopSitesFeed: Failed to fetch data from Contile server: NetworkError when attempting to fetch resource.
[Parent 12756, IPC I/O Parent] WARNING: file /builds/worker/checkouts/gecko/ipc/chromium/src/base/process_util_win.cc:167
1657547517873	geckodriver	INFO	Listening on 127.0.0.1:53826
1657547520961	mozrunner::runner	INFO	Running command: "C:\\Program Files\\Mozilla Firefox\\firefox.exe" "--marionette" "--remote-debugging-port" "53827" "--remote-allow-hosts" "localhost" "-no-remote" "-profile" "C:\\Users\\Sumer\\AppData\\Local\\Temp\\rust_mozprofile5mIuDE"
1657547521183	Marionette	INFO	Marionette enabled
1657547521187	Marionette	INFO	Listening on port 53837
WebDriver BiDi listening on ws://localhost:53827
Read port: 53837
1657547521402	RemoteAgent	WARN	TLS certificate errors will be ignored for this session
console.warn: SearchSettings: "get: No settings file exists, new profile?" (new NotFoundError("Could not open the file at C:\\Users\\Sumer\\AppData\\Local\\Temp\\rust_mozprofile5mIuDE\\search.json.mozlz4", (void 0)))
DevTools listening on ws://localhost:53827/devtools/browser/a7d9c2de-fafa-487d-bcdb-0b0f06608e7e
console.warn: LoginRecipes: "getRecipes: falling back to a synchronous message for:" "https://www.instagram.com"
1657547528520	Marionette	INFO	Stopped listening on port 53837
1657547744830	geckodriver	INFO	Listening on 127.0.0.1:60955
1657547747891	mozrunner::runner	INFO	Running command: "C:\\Program Files\\Mozilla Firefox\\firefox.exe" "--marionette" "--remote-debugging-port" "60956" "--remote-allow-hosts" "localhost" "-no-remote" "-profile" "C:\\Users\\Sumer\\AppData\\Local\\Temp\\rust_mozprofileZnLOLR"
1657547748123	Marionette	INFO	Marionette enabled
1657547748126	Marionette	INFO	Listening on port 60966
WebDriver BiDi listening on ws://localhost:60956
Read port: 60966
1657547748334	RemoteAgent	WARN	TLS certificate errors will be ignored for this session
console.warn: SearchSettings: "get: No settings file exists, new profile?" (new NotFoundError("Could not open the file at C:\\Users\\Sumer\\AppData\\Local\\Temp\\rust_mozprofileZnLOLR\\search.json.mozlz4", (void 0)))
DevTools listening on ws://localhost:60956/devtools/browser/7cbbdbc8-835d-4ed9-ae19-4d806df52909
console.warn: LoginRecipes: "getRecipes: falling back to a synchronous message for:" "https://www.instagram.com"
console.warn: LoginRecipes: "getRecipes: falling back to a synchronous message for:" "https://www.instagram.com"
JavaScript error: resource://gre/modules/LoginManagerParent.jsm, line 136: TypeError: gRecipeManager is null
JavaScript error: https://z-p3.www.instagram.com/static/bundles/es6/ConsumerLibCommons.js/7733a52e7d20.js, line 419: TypeError: o.map is not a function
1657547877601	geckodriver	INFO	Listening on 127.0.0.1:61102
1657547880666	mozrunner::runner	INFO	Running command: "C:\\Program Files\\Mozilla Firefox\\firefox.exe" "--marionette" "--remote-debugging-port" "61103" "--remote-allow-hosts" "localhost" "-no-remote" "-profile" "C:\\Users\\Sumer\\AppData\\Local\\Temp\\rust_mozprofileDthqXc"
1657547880896	Marionette	INFO	Marionette enabled
1657547880900	Marionette	INFO	Listening on port 61112
WebDriver BiDi listening on ws://localhost:61103
Read port: 61112
1657547881112	RemoteAgent	WARN	TLS certificate errors will be ignored for this session
console.warn: SearchSettings: "get: No settings file exists, new profile?" (new NotFoundError("Could not open the file at C:\\Users\\Sumer\\AppData\\Local\\Temp\\rust_mozprofileDthqXc\\search.json.mozlz4", (void 0)))
DevTools listening on ws://localhost:61103/devtools/browser/02d6ec9d-7ffe-4b25-9802-368a5faff51a
console.warn: LoginRecipes: "getRecipes: falling back to a synchronous message for:" "https://www.instagram.com"
console.warn: LoginRecipes: "getRecipes: falling back to a synchronous message for:" "https://www.instagram.com"
JavaScript error: resource://gre/modules/LoginManagerParent.jsm, line 136: TypeError: gRecipeManager is null
1657547991576	geckodriver	INFO	Listening on 127.0.0.1:61176
1657547994635	mozrunner::runner	INFO	Running command: "C:\\Program Files\\Mozilla Firefox\\firefox.exe" "--marionette" "--remote-debugging-port" "61177" "--remote-allow-hosts" "localhost" "-no-remote" "-profile" "C:\\Users\\Sumer\\AppData\\Local\\Temp\\rust_mozprofileRnoVcf"
1657547994858	Marionette	INFO	Marionette enabled
1657547994861	Marionette	INFO	Listening on port 61186
WebDriver BiDi listening on ws://localhost:61177
Read port: 61186
1657547995078	RemoteAgent	WARN	TLS certificate errors will be ignored for this session
console.warn: SearchSettings: "get: No settings file exists, new profile?" (new NotFoundError("Could not open the file at C:\\Users\\Sumer\\AppData\\Local\\Temp\\rust_mozprofileRnoVcf\\search.json.mozlz4", (void 0)))
DevTools listening on ws://localhost:61177/devtools/browser/ef5835c2-5ea1-457b-aab0-6743ad3aa7da
console.warn: LoginRecipes: "getRecipes: falling back to a synchronous message for:" "https://www.instagram.com"
console.warn: LoginRecipes: "getRecipes: falling back to a synchronous message for:" "https://www.instagram.com"
JavaScript error: resource://gre/modules/LoginManagerParent.jsm, line 136: TypeError: gRecipeManager is null
JavaScript warning: https://static.cdninstagram.com/rsrc.php/v3icPY4/yy/l/tr_TR/LkmzbcHVaE1.js?_nc_x=Ij3Wp8lg5Kz, line 831: unreachable code after return statement
JavaScript warning: https://static.cdninstagram.com/rsrc.php/v3icPY4/yy/l/tr_TR/LkmzbcHVaE1.js?_nc_x=Ij3Wp8lg5Kz, line 1179: unreachable code after return statement
JavaScript warning: https://static.cdninstagram.com/rsrc.php/v3icPY4/yy/l/tr_TR/LkmzbcHVaE1.js?_nc_x=Ij3Wp8lg5Kz, line 1179: unreachable code after return statement
JavaScript warning: https://static.cdninstagram.com/rsrc.php/v3icPY4/yy/l/tr_TR/LkmzbcHVaE1.js?_nc_x=Ij3Wp8lg5Kz, line 1179: unreachable code after return statement
JavaScript warning: https://static.cdninstagram.com/rsrc.php/v3iq2X4/yK/l/tr_TR/Y3oxDujh1lq.js?_nc_x=Ij3Wp8lg5Kz, line 61: WEBGL_debug_renderer_info is deprecated in Firefox and will be removed. Please use RENDERER.
1657548287830	geckodriver	INFO	Listening on 127.0.0.1:61477
1657548290909	mozrunner::runner	INFO	Running command: "C:\\Program Files\\Mozilla Firefox\\firefox.exe" "--marionette" "--remote-debugging-port" "61478" "--remote-allow-hosts" "localhost" "-no-remote" "-profile" "C:\\Users\\Sumer\\AppData\\Local\\Temp\\rust_mozprofilebXy1Ip"
1657548291160	Marionette	INFO	Marionette enabled
1657548291163	Marionette	INFO	Listening on port 61488
WebDriver BiDi listening on ws://localhost:61478
Read port: 61488
1657548291336	RemoteAgent	WARN	TLS certificate errors will be ignored for this session
console.warn: SearchSettings: "get: No settings file exists, new profile?" (new NotFoundError("Could not open the file at C:\\Users\\Sumer\\AppData\\Local\\Temp\\rust_mozprofilebXy1Ip\\search.json.mozlz4", (void 0)))
DevTools listening on ws://localhost:61478/devtools/browser/af6bd45f-582b-439c-a521-2e2eb6ada81d
console.warn: LoginRecipes: "getRecipes: falling back to a synchronous message for:" "https://www.instagram.com"
console.warn: LoginRecipes: "getRecipes: falling back to a synchronous message for:" "https://www.instagram.com"
JavaScript error: resource://gre/modules/LoginManagerParent.jsm, line 136: TypeError: gRecipeManager is null
JavaScript error: https://z-p3.www.instagram.com/static/bundles/es6/ConsumerLibCommons.js/7733a52e7d20.js, line 419: TypeError: o.map is not a function
SourceActor threw an exception: [Exception... "Component returned failure code: 0x80470002 (NS_BASE_STREAM_CLOSED) [nsIInputStream.available]"  nsresult: "0x80470002 (NS_BASE_STREAM_CLOSED)"  location: "JS frame :: resource://devtools/shared/DevToolsUtils.js :: onResponse :: line 596"  data: no]
Stack: onResponse@resource://devtools/shared/DevToolsUtils.js:596:34
onStopRequest@resource://gre/modules/NetUtil.jsm:128:18
Line: 596, column: 0
console.error: ({})
JavaScript error: resource://devtools/shared/DevToolsUtils.js, line 596: NS_BASE_STREAM_CLOSED: Component returned failure code: 0x80470002 (NS_BASE_STREAM_CLOSED) [nsIInputStream.available]
JavaScript error: resource://gre/modules/AsyncShutdown.jsm, line 575: NotFoundError: No such JSWindowActor 'DevToolsFrame'
1657548360593	Marionette	INFO	Stopped listening on port 61488
[Parent 15300, IPC I/O Parent] WARNING: file /builds/worker/checkouts/gecko/ipc/chromium/src/base/process_util_win.cc:167
1657548411258	geckodriver	INFO	Listening on 127.0.0.1:61599
1657548414339	mozrunner::runner	INFO	Running command: "C:\\Program Files\\Mozilla Firefox\\firefox.exe" "--marionette" "--remote-debugging-port" "61600" "--remote-allow-hosts" "localhost" "-no-remote" "-profile" "C:\\Users\\Sumer\\AppData\\Local\\Temp\\rust_mozprofileNap686"
1657548414569	Marionette	INFO	Marionette enabled
1657548414573	Marionette	INFO	Listening on port 61610
WebDriver BiDi listening on ws://localhost:61600
Read port: 61610
1657548414788	RemoteAgent	WARN	TLS certificate errors will be ignored for this session
console.warn: SearchSettings: "get: No settings file exists, new profile?" (new NotFoundError("Could not open the file at C:\\Users\\Sumer\\AppData\\Local\\Temp\\rust_mozprofileNap686\\search.json.mozlz4", (void 0)))
DevTools listening on ws://localhost:61600/devtools/browser/2e08f322-b2c5-43d7-b3c8-e1c1e77bd08b
console.warn: LoginRecipes: "getRecipes: falling back to a synchronous message for:" "https://www.instagram.com"
console.warn: LoginRecipes: "getRecipes: falling back to a synchronous message for:" "https://www.instagram.com"
JavaScript error: resource://gre/modules/LoginManagerParent.jsm, line 136: TypeError: gRecipeManager is null
JavaScript error: https://z-p3.www.instagram.com/static/bundles/es6/ConsumerLibCommons.js/7733a52e7d20.js, line 419: TypeError: o.map is not a function
1657548494111	geckodriver	INFO	Listening on 127.0.0.1:61721
1657548497179	mozrunner::runner	INFO	Running command: "C:\\Program Files\\Mozilla Firefox\\firefox.exe" "--marionette" "--remote-debugging-port" "61722" "--remote-allow-hosts" "localhost" "-no-remote" "-profile" "C:\\Users\\Sumer\\AppData\\Local\\Temp\\rust_mozprofile8sTfS2"
1657548497416	Marionette	INFO	Marionette enabled
1657548497419	Marionette	INFO	Listening on port 61732
WebDriver BiDi listening on ws://localhost:61722
Read port: 61732
1657548497629	RemoteAgent	WARN	TLS certificate errors will be ignored for this session
console.warn: SearchSettings: "get: No settings file exists, new profile?" (new NotFoundError("Could not open the file at C:\\Users\\Sumer\\AppData\\Local\\Temp\\rust_mozprofile8sTfS2\\search.json.mozlz4", (void 0)))
DevTools listening on ws://localhost:61722/devtools/browser/38a3ce3e-7016-499a-9304-126843b9efde
console.warn: LoginRecipes: "getRecipes: falling back to a synchronous message for:" "https://www.instagram.com"
1657548519915	Marionette	INFO	Stopped listening on port 61732
console.warn: TopSitesFeed: Failed to fetch data from Contile server: NetworkError when attempting to fetch resource.
1657548522933	geckodriver	INFO	Listening on 127.0.0.1:61789
1657548526009	mozrunner::runner	INFO	Running command: "C:\\Program Files\\Mozilla Firefox\\firefox.exe" "--marionette" "--remote-debugging-port" "61790" "--remote-allow-hosts" "localhost" "-no-remote" "-profile" "C:\\Users\\Sumer\\AppData\\Local\\Temp\\rust_mozprofileZcqnXn"
1657548526232	Marionette	INFO	Marionette enabled
1657548526235	Marionette	INFO	Listening on port 61800
WebDriver BiDi listening on ws://localhost:61790
Read port: 61800
1657548526453	RemoteAgent	WARN	TLS certificate errors will be ignored for this session
console.warn: SearchSettings: "get: No settings file exists, new profile?" (new NotFoundError("Could not open the file at C:\\Users\\Sumer\\AppData\\Local\\Temp\\rust_mozprofileZcqnXn\\search.json.mozlz4", (void 0)))
DevTools listening on ws://localhost:61790/devtools/browser/ff8815ea-e516-481b-926a-2092d6343058
console.warn: LoginRecipes: "getRecipes: falling back to a synchronous message for:" "https://www.instagram.com"
console.warn: LoginRecipes: "getRecipes: falling back to a synchronous message for:" "https://www.instagram.com"
JavaScript error: resource://gre/modules/LoginManagerParent.jsm, line 136: TypeError: gRecipeManager is null
JavaScript error: https://z-p3.www.instagram.com/static/bundles/es6/ConsumerLibCommons.js/7733a52e7d20.js, line 419: TypeError: o.map is not a function
JavaScript warning: https://static.cdninstagram.com/rsrc.php/v3icPY4/yy/l/tr_TR/LkmzbcHVaE1.js?_nc_x=Ij3Wp8lg5Kz, line 831: unreachable code after return statement
JavaScript warning: https://static.cdninstagram.com/rsrc.php/v3icPY4/yy/l/tr_TR/LkmzbcHVaE1.js?_nc_x=Ij3Wp8lg5Kz, line 1179: unreachable code after return statement
JavaScript warning: https://static.cdninstagram.com/rsrc.php/v3icPY4/yy/l/tr_TR/LkmzbcHVaE1.js?_nc_x=Ij3Wp8lg5Kz, line 1179: unreachable code after return statement
JavaScript warning: https://static.cdninstagram.com/rsrc.php/v3icPY4/yy/l/tr_TR/LkmzbcHVaE1.js?_nc_x=Ij3Wp8lg5Kz, line 1179: unreachable code after return statement
JavaScript warning: https://static.cdninstagram.com/rsrc.php/v3iq2X4/yK/l/tr_TR/Y3oxDujh1lq.js?_nc_x=Ij3Wp8lg5Kz, line 61: WEBGL_debug_renderer_info is deprecated in Firefox and will be removed. Please use RENDERER.
console.error: (new TypeError("parent is null", "resource://devtools/client/inspector/shared/style-change-tracker.js", 67))
TypeError: parent is null: canMutationImpactCurrentStyles@resource://devtools/client/inspector/shared/style-change-tracker.js:67:24
onMutations@resource://devtools/client/inspector/shared/style-change-tracker.js:84:41
_emit@resource://devtools/shared/event-emitter.js:242:32
emit@resource://devtools/shared/event-emitter.js:186:18
emit@resource://devtools/shared/event-emitter.js:330:18
getMutations@resource://devtools/client/fronts/walker.js:312:10

console.error: (new TypeError("nodeFront.walkerFront is null", "resource://devtools/client/inspector/markup/markup.js", 956))
TypeError: nodeFront.walkerFront is null: _onNewSelection@resource://devtools/client/inspector/markup/markup.js:956:7
_emit@resource://devtools/shared/event-emitter.js:242:32
emit@resource://devtools/shared/event-emitter.js:186:18
emit@resource://devtools/shared/event-emitter.js:330:18
setNodeFront@resource://devtools/client/framework/selection.js:206:10
onDetached@resource://devtools/client/inspector/inspector.js:1693:20
_emit@resource://devtools/shared/event-emitter.js:242:32
emit@resource://devtools/shared/event-emitter.js:186:18
emit@resource://devtools/shared/event-emitter.js:330:18
_onMutations@resource://devtools/client/framework/selection.js:104:12
_emit@resource://devtools/shared/event-emitter.js:242:32
emit@resource://devtools/shared/event-emitter.js:186:18
emit@resource://devtools/shared/event-emitter.js:330:18
getMutations@resource://devtools/client/fronts/walker.js:312:10

console.error: (new Error("Can not send request 'getUniqueSelector' because front 'domnode' is already destroyed.", "resource://devtools/shared/protocol/Front/FrontClassWithSpec.js", 28))
console.error: (new TypeError("container.node.targetFront is null", "resource://devtools/client/inspector/markup/markup.js", 2320))
JavaScript error: resource://gre/modules/AsyncShutdown.jsm, line 575: NotFoundError: No such JSWindowActor 'DevToolsFrame'
1657548675227	Marionette	INFO	Stopped listening on port 61800
1657548677681	geckodriver	INFO	Listening on 127.0.0.1:61995
1657548680752	mozrunner::runner	INFO	Running command: "C:\\Program Files\\Mozilla Firefox\\firefox.exe" "--marionette" "--remote-debugging-port" "61996" "--remote-allow-hosts" "localhost" "-no-remote" "-profile" "C:\\Users\\Sumer\\AppData\\Local\\Temp\\rust_mozprofileAjJXOR"
1657548680999	Marionette	INFO	Marionette enabled
1657548681002	Marionette	INFO	Listening on port 62007
WebDriver BiDi listening on ws://localhost:61996
1657548799341	geckodriver	INFO	Listening on 127.0.0.1:62088
1657548802420	mozrunner::runner	INFO	Running command: "C:\\Program Files\\Mozilla Firefox\\firefox.exe" "--marionette" "--remote-debugging-port" "62089" "--remote-allow-hosts" "localhost" "-no-remote" "-profile" "C:\\Users\\Sumer\\AppData\\Local\\Temp\\rust_mozprofileyttu9d"
1657548802647	Marionette	INFO	Marionette enabled
1657548802650	Marionette	INFO	Listening on port 62099
WebDriver BiDi listening on ws://localhost:62089
Read port: 62099
1657548802867	RemoteAgent	WARN	TLS certificate errors will be ignored for this session
console.warn: SearchSettings: "get: No settings file exists, new profile?" (new NotFoundError("Could not open the file at C:\\Users\\Sumer\\AppData\\Local\\Temp\\rust_mozprofileyttu9d\\search.json.mozlz4", (void 0)))
DevTools listening on ws://localhost:62089/devtools/browser/db348c2b-d9fb-43c3-8c79-8df0dca9c98c
console.warn: LoginRecipes: "getRecipes: falling back to a synchronous message for:" "https://www.instagram.com"
console.warn: LoginRecipes: "getRecipes: falling back to a synchronous message for:" "https://www.instagram.com"
JavaScript error: resource://gre/modules/LoginManagerParent.jsm, line 136: TypeError: gRecipeManager is null
JavaScript warning: https://static.cdninstagram.com/rsrc.php/v3icPY4/yy/l/tr_TR/LkmzbcHVaE1.js?_nc_x=Ij3Wp8lg5Kz, line 831: unreachable code after return statement
JavaScript warning: https://static.cdninstagram.com/rsrc.php/v3icPY4/yy/l/tr_TR/LkmzbcHVaE1.js?_nc_x=Ij3Wp8lg5Kz, line 1179: unreachable code after return statement
JavaScript warning: https://static.cdninstagram.com/rsrc.php/v3icPY4/yy/l/tr_TR/LkmzbcHVaE1.js?_nc_x=Ij3Wp8lg5Kz, line 1179: unreachable code after return statement
JavaScript warning: https://static.cdninstagram.com/rsrc.php/v3icPY4/yy/l/tr_TR/LkmzbcHVaE1.js?_nc_x=Ij3Wp8lg5Kz, line 1179: unreachable code after return statement
JavaScript warning: https://static.cdninstagram.com/rsrc.php/v3iq2X4/yK/l/tr_TR/Y3oxDujh1lq.js?_nc_x=Ij3Wp8lg5Kz, line 61: WEBGL_debug_renderer_info is deprecated in Firefox and will be removed. Please use RENDERER.
1657548848685	Marionette	INFO	Stopped listening on port 62099
console.warn: TopSitesFeed: Failed to fetch data from Contile server: NetworkError when attempting to fetch resource.
1657548850032	geckodriver	INFO	Listening on 127.0.0.1:62231
1657548853106	mozrunner::runner	INFO	Running command: "C:\\Program Files\\Mozilla Firefox\\firefox.exe" "--marionette" "--remote-debugging-port" "62232" "--remote-allow-hosts" "localhost" "-no-remote" "-profile" "C:\\Users\\Sumer\\AppData\\Local\\Temp\\rust_mozprofile8vGjMh"
1657548853354	Marionette	INFO	Marionette enabled
1657548853358	Marionette	INFO	Listening on port 62242
WebDriver BiDi listening on ws://localhost:62232
Read port: 62242
1657548853543	RemoteAgent	WARN	TLS certificate errors will be ignored for this session
console.warn: SearchSettings: "get: No settings file exists, new profile?" (new NotFoundError("Could not open the file at C:\\Users\\Sumer\\AppData\\Local\\Temp\\rust_mozprofile8vGjMh\\search.json.mozlz4", (void 0)))
DevTools listening on ws://localhost:62232/devtools/browser/bff45003-f355-4cd8-8fd2-9eb0ed637a53
console.warn: LoginRecipes: "getRecipes: falling back to a synchronous message for:" "https://www.instagram.com"
console.warn: LoginRecipes: "getRecipes: falling back to a synchronous message for:" "https://www.instagram.com"
JavaScript error: resource://gre/modules/LoginManagerParent.jsm, line 136: TypeError: gRecipeManager is null
JavaScript warning: https://static.cdninstagram.com/rsrc.php/v3icPY4/yy/l/tr_TR/LkmzbcHVaE1.js?_nc_x=Ij3Wp8lg5Kz, line 831: unreachable code after return statement
JavaScript warning: https://static.cdninstagram.com/rsrc.php/v3icPY4/yy/l/tr_TR/LkmzbcHVaE1.js?_nc_x=Ij3Wp8lg5Kz, line 1179: unreachable code after return statement
JavaScript warning: https://static.cdninstagram.com/rsrc.php/v3icPY4/yy/l/tr_TR/LkmzbcHVaE1.js?_nc_x=Ij3Wp8lg5Kz, line 1179: unreachable code after return statement
JavaScript warning: https://static.cdninstagram.com/rsrc.php/v3icPY4/yy/l/tr_TR/LkmzbcHVaE1.js?_nc_x=Ij3Wp8lg5Kz, line 1179: unreachable code after return statement
JavaScript warning: https://static.cdninstagram.com/rsrc.php/v3iq2X4/yK/l/tr_TR/Y3oxDujh1lq.js?_nc_x=Ij3Wp8lg5Kz, line 61: WEBGL_debug_renderer_info is deprecated in Firefox and will be removed. Please use RENDERER.
1657549186038	geckodriver	INFO	Listening on 127.0.0.1:62559
1657549189085	mozrunner::runner	INFO	Running command: "C:\\Program Files\\Mozilla Firefox\\firefox.exe" "--marionette" "--remote-debugging-port" "62560" "--remote-allow-hosts" "localhost" "-no-remote" "-profile" "C:\\Users\\Sumer\\AppData\\Local\\Temp\\rust_mozprofilegtKDiE"
1657549189326	Marionette	INFO	Marionette enabled
1657549189329	Marionette	INFO	Listening on port 62570
WebDriver BiDi listening on ws://localhost:62560
Read port: 62570
1657549189504	RemoteAgent	WARN	TLS certificate errors will be ignored for this session
console.warn: SearchSettings: "get: No settings file exists, new profile?" (new NotFoundError("Could not open the file at C:\\Users\\Sumer\\AppData\\Local\\Temp\\rust_mozprofilegtKDiE\\search.json.mozlz4", (void 0)))
DevTools listening on ws://localhost:62560/devtools/browser/ea4a7ce6-ff9c-44d4-886a-06877223496c
console.warn: LoginRecipes: "getRecipes: falling back to a synchronous message for:" "https://www.instagram.com"
console.warn: LoginRecipes: "getRecipes: falling back to a synchronous message for:" "https://www.instagram.com"
JavaScript error: resource://gre/modules/LoginManagerParent.jsm, line 136: TypeError: gRecipeManager is null
JavaScript warning: https://static.cdninstagram.com/rsrc.php/v3icPY4/yy/l/tr_TR/LkmzbcHVaE1.js?_nc_x=Ij3Wp8lg5Kz, line 831: unreachable code after return statement
JavaScript warning: https://static.cdninstagram.com/rsrc.php/v3icPY4/yy/l/tr_TR/LkmzbcHVaE1.js?_nc_x=Ij3Wp8lg5Kz, line 1179: unreachable code after return statement
JavaScript warning: https://static.cdninstagram.com/rsrc.php/v3icPY4/yy/l/tr_TR/LkmzbcHVaE1.js?_nc_x=Ij3Wp8lg5Kz, line 1179: unreachable code after return statement
JavaScript warning: https://static.cdninstagram.com/rsrc.php/v3icPY4/yy/l/tr_TR/LkmzbcHVaE1.js?_nc_x=Ij3Wp8lg5Kz, line 1179: unreachable code after return statement
JavaScript warning: https://static.cdninstagram.com/rsrc.php/v3iq2X4/yK/l/tr_TR/Y3oxDujh1lq.js?_nc_x=Ij3Wp8lg5Kz, line 61: WEBGL_debug_renderer_info is deprecated in Firefox and will be removed. Please use RENDERER.
1657549316642	geckodriver	INFO	Listening on 127.0.0.1:62754
1657549319698	mozrunner::runner	INFO	Running command: "C:\\Program Files\\Mozilla Firefox\\firefox.exe" "--marionette" "--remote-debugging-port" "62755" "--remote-allow-hosts" "localhost" "-no-remote" "-profile" "C:\\Users\\Sumer\\AppData\\Local\\Temp\\rust_mozprofileHpyvwJ"
1657549319936	Marionette	INFO	Marionette enabled
1657549319940	Marionette	INFO	Listening on port 62765
WebDriver BiDi listening on ws://localhost:62755
Read port: 62765
1657549320154	RemoteAgent	WARN	TLS certificate errors will be ignored for this session
console.warn: SearchSettings: "get: No settings file exists, new profile?" (new NotFoundError("Could not open the file at C:\\Users\\Sumer\\AppData\\Local\\Temp\\rust_mozprofileHpyvwJ\\search.json.mozlz4", (void 0)))
DevTools listening on ws://localhost:62755/devtools/browser/3cf80f7a-a410-4f13-b1a9-0abb4272d76e
console.warn: LoginRecipes: "getRecipes: falling back to a synchronous message for:" "https://www.instagram.com"
console.warn: LoginRecipes: "getRecipes: falling back to a synchronous message for:" "https://www.instagram.com"
JavaScript error: resource://gre/modules/LoginManagerParent.jsm, line 136: TypeError: gRecipeManager is null
JavaScript warning: https://static.cdninstagram.com/rsrc.php/v3icPY4/yy/l/tr_TR/LkmzbcHVaE1.js?_nc_x=Ij3Wp8lg5Kz, line 831: unreachable code after return statement
JavaScript warning: https://static.cdninstagram.com/rsrc.php/v3icPY4/yy/l/tr_TR/LkmzbcHVaE1.js?_nc_x=Ij3Wp8lg5Kz, line 1179: unreachable code after return statement
JavaScript warning: https://static.cdninstagram.com/rsrc.php/v3icPY4/yy/l/tr_TR/LkmzbcHVaE1.js?_nc_x=Ij3Wp8lg5Kz, line 1179: unreachable code after return statement
JavaScript warning: https://static.cdninstagram.com/rsrc.php/v3icPY4/yy/l/tr_TR/LkmzbcHVaE1.js?_nc_x=Ij3Wp8lg5Kz, line 1179: unreachable code after return statement
JavaScript warning: https://static.cdninstagram.com/rsrc.php/v3iq2X4/yK/l/tr_TR/Y3oxDujh1lq.js?_nc_x=Ij3Wp8lg5Kz, line 61: WEBGL_debug_renderer_info is deprecated in Firefox and will be removed. Please use RENDERER.
1657549708531	geckodriver	INFO	Listening on 127.0.0.1:63062
1657549711601	mozrunner::runner	INFO	Running command: "C:\\Program Files\\Mozilla Firefox\\firefox.exe" "--marionette" "--remote-debugging-port" "63063" "--remote-allow-hosts" "localhost" "-no-remote" "-profile" "C:\\Users\\Sumer\\AppData\\Local\\Temp\\rust_mozprofilej9Qtax"
1657549711830	Marionette	INFO	Marionette enabled
1657549711833	Marionette	INFO	Listening on port 63074
WebDriver BiDi listening on ws://localhost:63063
Read port: 63074
1657549712048	RemoteAgent	WARN	TLS certificate errors will be ignored for this session
console.warn: SearchSettings: "get: No settings file exists, new profile?" (new NotFoundError("Could not open the file at C:\\Users\\Sumer\\AppData\\Local\\Temp\\rust_mozprofilej9Qtax\\search.json.mozlz4", (void 0)))
DevTools listening on ws://localhost:63063/devtools/browser/12d97808-aa4f-4822-a45d-83212de33918
console.warn: LoginRecipes: "getRecipes: falling back to a synchronous message for:" "https://www.instagram.com"
1657549721409	Marionette	INFO	Stopped listening on port 63074
JavaScript error: resource://gre/modules/UrlClassifierListManager.jsm, line 694: TypeError: this.tablesData[table] is undefined
console.warn: TopSitesFeed: Failed to fetch data from Contile server: NetworkError when attempting to fetch resource.
1657549722890	geckodriver	INFO	Listening on 127.0.0.1:63122
1657549725951	mozrunner::runner	INFO	Running command: "C:\\Program Files\\Mozilla Firefox\\firefox.exe" "--marionette" "--remote-debugging-port" "63123" "--remote-allow-hosts" "localhost" "-no-remote" "-profile" "C:\\Users\\Sumer\\AppData\\Local\\Temp\\rust_mozprofileXJDFtE"
1657549726173	Marionette	INFO	Marionette enabled
1657549726176	Marionette	INFO	Listening on port 63134
Read port: 63134
WebDriver BiDi listening on ws://localhost:63123
1657549726279	RemoteAgent	WARN	TLS certificate errors will be ignored for this session
console.warn: SearchSettings: "get: No settings file exists, new profile?" (new NotFoundError("Could not open the file at C:\\Users\\Sumer\\AppData\\Local\\Temp\\rust_mozprofileXJDFtE\\search.json.mozlz4", (void 0)))
DevTools listening on ws://localhost:63123/devtools/browser/cec3f405-cabf-4ac0-b1c4-0d4dcac1af88
console.warn: LoginRecipes: "getRecipes: falling back to a synchronous message for:" "https://www.instagram.com"
1657549736300	Marionette	INFO	Stopped listening on port 63134
console.warn: TopSitesFeed: Failed to fetch data from Contile server: NetworkError when attempting to fetch resource.
1657549746242	geckodriver	INFO	Listening on 127.0.0.1:63197
1657549749297	mozrunner::runner	INFO	Running command: "C:\\Program Files\\Mozilla Firefox\\firefox.exe" "--marionette" "--remote-debugging-port" "63198" "--remote-allow-hosts" "localhost" "-no-remote" "-profile" "C:\\Users\\Sumer\\AppData\\Local\\Temp\\rust_mozprofileTPLmab"
1657549749530	Marionette	INFO	Marionette enabled
1657549749533	Marionette	INFO	Listening on port 63208
WebDriver BiDi listening on ws://localhost:63198
Read port: 63208
1657549749743	RemoteAgent	WARN	TLS certificate errors will be ignored for this session
console.warn: SearchSettings: "get: No settings file exists, new profile?" (new NotFoundError("Could not open the file at C:\\Users\\Sumer\\AppData\\Local\\Temp\\rust_mozprofileTPLmab\\search.json.mozlz4", (void 0)))
DevTools listening on ws://localhost:63198/devtools/browser/ca61fa91-3963-48ab-8a69-7e228ba22d98
console.warn: LoginRecipes: "getRecipes: falling back to a synchronous message for:" "https://www.instagram.com"
console.warn: LoginRecipes: "getRecipes: falling back to a synchronous message for:" "https://www.instagram.com"
JavaScript error: resource://gre/modules/LoginManagerParent.jsm, line 136: TypeError: gRecipeManager is null
JavaScript warning: https://static.cdninstagram.com/rsrc.php/v3icPY4/yy/l/tr_TR/LkmzbcHVaE1.js?_nc_x=Ij3Wp8lg5Kz, line 831: unreachable code after return statement
JavaScript warning: https://static.cdninstagram.com/rsrc.php/v3icPY4/yy/l/tr_TR/LkmzbcHVaE1.js?_nc_x=Ij3Wp8lg5Kz, line 1179: unreachable code after return statement
JavaScript warning: https://static.cdninstagram.com/rsrc.php/v3icPY4/yy/l/tr_TR/LkmzbcHVaE1.js?_nc_x=Ij3Wp8lg5Kz, line 1179: unreachable code after return statement
JavaScript warning: https://static.cdninstagram.com/rsrc.php/v3icPY4/yy/l/tr_TR/LkmzbcHVaE1.js?_nc_x=Ij3Wp8lg5Kz, line 1179: unreachable code after return statement
JavaScript warning: https://static.cdninstagram.com/rsrc.php/v3iq2X4/yK/l/tr_TR/Y3oxDujh1lq.js?_nc_x=Ij3Wp8lg5Kz, line 61: WEBGL_debug_renderer_info is deprecated in Firefox and will be removed. Please use RENDERER.
1657549777712	Marionette	INFO	Stopped listening on port 63208
[Parent 6152, IPC I/O Parent] WARNING: file /builds/worker/checkouts/gecko/ipc/chromium/src/base/process_util_win.cc:167
1657549924361	geckodriver	INFO	Listening on 127.0.0.1:63413
1657549927415	mozrunner::runner	INFO	Running command: "C:\\Program Files\\Mozilla Firefox\\firefox.exe" "--marionette" "--remote-debugging-port" "63414" "--remote-allow-hosts" "localhost" "-no-remote" "-profile" "C:\\Users\\Sumer\\AppData\\Local\\Temp\\rust_mozprofile1MqUYW"
1657549927643	Marionette	INFO	Marionette enabled
1657549927647	Marionette	INFO	Listening on port 63427
WebDriver BiDi listening on ws://localhost:63414
Read port: 63427
1657549927866	RemoteAgent	WARN	TLS certificate errors will be ignored for this session
console.warn: SearchSettings: "get: No settings file exists, new profile?" (new NotFoundError("Could not open the file at C:\\Users\\Sumer\\AppData\\Local\\Temp\\rust_mozprofile1MqUYW\\search.json.mozlz4", (void 0)))
DevTools listening on ws://localhost:63414/devtools/browser/36c02000-9e8d-4550-8cfb-51217dd84fd1
console.warn: LoginRecipes: "getRecipes: falling back to a synchronous message for:" "https://www.instagram.com"
console.warn: LoginRecipes: "getRecipes: falling back to a synchronous message for:" "https://www.instagram.com"
JavaScript error: resource://gre/modules/LoginManagerParent.jsm, line 136: TypeError: gRecipeManager is null
JavaScript warning: https://static.cdninstagram.com/rsrc.php/v3icPY4/yy/l/tr_TR/LkmzbcHVaE1.js?_nc_x=Ij3Wp8lg5Kz, line 831: unreachable code after return statement
JavaScript warning: https://static.cdninstagram.com/rsrc.php/v3icPY4/yy/l/tr_TR/LkmzbcHVaE1.js?_nc_x=Ij3Wp8lg5Kz, line 1179: unreachable code after return statement
JavaScript warning: https://static.cdninstagram.com/rsrc.php/v3icPY4/yy/l/tr_TR/LkmzbcHVaE1.js?_nc_x=Ij3Wp8lg5Kz, line 1179: unreachable code after return statement
JavaScript warning: https://static.cdninstagram.com/rsrc.php/v3icPY4/yy/l/tr_TR/LkmzbcHVaE1.js?_nc_x=Ij3Wp8lg5Kz, line 1179: unreachable code after return statement
JavaScript warning: https://static.cdninstagram.com/rsrc.php/v3iq2X4/yK/l/tr_TR/Y3oxDujh1lq.js?_nc_x=Ij3Wp8lg5Kz, line 61: WEBGL_debug_renderer_info is deprecated in Firefox and will be removed. Please use RENDERER.
1657550566426	geckodriver	INFO	Listening on 127.0.0.1:63747
1657550569493	mozrunner::runner	INFO	Running command: "C:\\Program Files\\Mozilla Firefox\\firefox.exe" "--marionette" "--remote-debugging-port" "63748" "--remote-allow-hosts" "localhost" "-no-remote" "-profile" "C:\\Users\\Sumer\\AppData\\Local\\Temp\\rust_mozprofileljGom9"
1657550569715	Marionette	INFO	Marionette enabled
1657550569718	Marionette	INFO	Listening on port 63763
WebDriver BiDi listening on ws://localhost:63748
Read port: 63763
1657550569934	RemoteAgent	WARN	TLS certificate errors will be ignored for this session
console.warn: SearchSettings: "get: No settings file exists, new profile?" (new NotFoundError("Could not open the file at C:\\Users\\Sumer\\AppData\\Local\\Temp\\rust_mozprofileljGom9\\search.json.mozlz4", (void 0)))
DevTools listening on ws://localhost:63748/devtools/browser/7883b4a2-a93e-4c82-bea6-8893468984d2
console.warn: LoginRecipes: "getRecipes: falling back to a synchronous message for:" "https://www.instagram.com"
console.warn: LoginRecipes: "getRecipes: falling back to a synchronous message for:" "https://www.instagram.com"
JavaScript error: resource://gre/modules/LoginManagerParent.jsm, line 136: TypeError: gRecipeManager is null
JavaScript warning: https://static.cdninstagram.com/rsrc.php/v3icPY4/yy/l/tr_TR/LkmzbcHVaE1.js?_nc_x=Ij3Wp8lg5Kz, line 831: unreachable code after return statement
JavaScript warning: https://static.cdninstagram.com/rsrc.php/v3icPY4/yy/l/tr_TR/LkmzbcHVaE1.js?_nc_x=Ij3Wp8lg5Kz, line 1179: unreachable code after return statement
JavaScript warning: https://static.cdninstagram.com/rsrc.php/v3icPY4/yy/l/tr_TR/LkmzbcHVaE1.js?_nc_x=Ij3Wp8lg5Kz, line 1179: unreachable code after return statement
JavaScript warning: https://static.cdninstagram.com/rsrc.php/v3icPY4/yy/l/tr_TR/LkmzbcHVaE1.js?_nc_x=Ij3Wp8lg5Kz, line 1179: unreachable code after return statement
JavaScript warning: https://static.cdninstagram.com/rsrc.php/v3iq2X4/yK/l/tr_TR/Y3oxDujh1lq.js?_nc_x=Ij3Wp8lg5Kz, line 61: WEBGL_debug_renderer_info is deprecated in Firefox and will be removed. Please use RENDERER.
1657550598160	Marionette	INFO	Stopped listening on port 63763
1657550675192	geckodriver	INFO	Listening on 127.0.0.1:63945
1657550678247	mozrunner::runner	INFO	Running command: "C:\\Program Files\\Mozilla Firefox\\firefox.exe" "--marionette" "--remote-debugging-port" "63946" "--remote-allow-hosts" "localhost" "-no-remote" "-profile" "C:\\Users\\Sumer\\AppData\\Local\\Temp\\rust_mozprofileuqxcZa"
1657550678499	Marionette	INFO	Marionette enabled
1657550678503	Marionette	INFO	Listening on port 63957
WebDriver BiDi listening on ws://localhost:63946
Read port: 63957
1657550678682	RemoteAgent	WARN	TLS certificate errors will be ignored for this session
console.warn: SearchSettings: "get: No settings file exists, new profile?" (new NotFoundError("Could not open the file at C:\\Users\\Sumer\\AppData\\Local\\Temp\\rust_mozprofileuqxcZa\\search.json.mozlz4", (void 0)))
DevTools listening on ws://localhost:63946/devtools/browser/cddcde82-a289-47f6-aff2-41d72e546165
console.warn: LoginRecipes: "getRecipes: falling back to a synchronous message for:" "https://www.instagram.com"
console.warn: LoginRecipes: "getRecipes: falling back to a synchronous message for:" "https://www.instagram.com"
JavaScript error: resource://gre/modules/LoginManagerParent.jsm, line 136: TypeError: gRecipeManager is null
JavaScript warning: https://static.cdninstagram.com/rsrc.php/v3icPY4/yy/l/tr_TR/LkmzbcHVaE1.js?_nc_x=Ij3Wp8lg5Kz, line 831: unreachable code after return statement
JavaScript warning: https://static.cdninstagram.com/rsrc.php/v3icPY4/yy/l/tr_TR/LkmzbcHVaE1.js?_nc_x=Ij3Wp8lg5Kz, line 1179: unreachable code after return statement
JavaScript warning: https://static.cdninstagram.com/rsrc.php/v3icPY4/yy/l/tr_TR/LkmzbcHVaE1.js?_nc_x=Ij3Wp8lg5Kz, line 1179: unreachable code after return statement
JavaScript warning: https://static.cdninstagram.com/rsrc.php/v3icPY4/yy/l/tr_TR/LkmzbcHVaE1.js?_nc_x=Ij3Wp8lg5Kz, line 1179: unreachable code after return statement
JavaScript warning: https://static.cdninstagram.com/rsrc.php/v3iq2X4/yK/l/tr_TR/Y3oxDujh1lq.js?_nc_x=Ij3Wp8lg5Kz, line 61: WEBGL_debug_renderer_info is deprecated in Firefox and will be removed. Please use RENDERER.
1657550706340	Marionette	INFO	Stopped listening on port 63957
1657551353596	geckodriver	INFO	Listening on 127.0.0.1:64420
1657551356666	mozrunner::runner	INFO	Running command: "C:\\Program Files\\Mozilla Firefox\\firefox.exe" "--marionette" "--remote-debugging-port" "64421" "--remote-allow-hosts" "localhost" "-no-remote" "-profile" "C:\\Users\\Sumer\\AppData\\Local\\Temp\\rust_mozprofilerunVR5"
1657551356900	Marionette	INFO	Marionette enabled
1657551356903	Marionette	INFO	Listening on port 64431
WebDriver BiDi listening on ws://localhost:64421
Read port: 64431
1657551357113	RemoteAgent	WARN	TLS certificate errors will be ignored for this session
console.warn: SearchSettings: "get: No settings file exists, new profile?" (new NotFoundError("Could not open the file at C:\\Users\\Sumer\\AppData\\Local\\Temp\\rust_mozprofilerunVR5\\search.json.mozlz4", (void 0)))
DevTools listening on ws://localhost:64421/devtools/browser/d415ddff-6f18-4556-aebb-8cc3c50e8211
console.warn: LoginRecipes: "getRecipes: falling back to a synchronous message for:" "https://www.instagram.com"
console.warn: LoginRecipes: "getRecipes: falling back to a synchronous message for:" "https://www.instagram.com"
JavaScript error: resource://gre/modules/LoginManagerParent.jsm, line 136: TypeError: gRecipeManager is null
JavaScript warning: https://static.cdninstagram.com/rsrc.php/v3icPY4/yy/l/tr_TR/LkmzbcHVaE1.js?_nc_x=Ij3Wp8lg5Kz, line 831: unreachable code after return statement
JavaScript warning: https://static.cdninstagram.com/rsrc.php/v3icPY4/yy/l/tr_TR/LkmzbcHVaE1.js?_nc_x=Ij3Wp8lg5Kz, line 1179: unreachable code after return statement
JavaScript warning: https://static.cdninstagram.com/rsrc.php/v3icPY4/yy/l/tr_TR/LkmzbcHVaE1.js?_nc_x=Ij3Wp8lg5Kz, line 1179: unreachable code after return statement
JavaScript warning: https://static.cdninstagram.com/rsrc.php/v3icPY4/yy/l/tr_TR/LkmzbcHVaE1.js?_nc_x=Ij3Wp8lg5Kz, line 1179: unreachable code after return statement
JavaScript warning: https://static.cdninstagram.com/rsrc.php/v3iq2X4/yK/l/tr_TR/Y3oxDujh1lq.js?_nc_x=Ij3Wp8lg5Kz, line 61: WEBGL_debug_renderer_info is deprecated in Firefox and will be removed. Please use RENDERER.
1657551412419	geckodriver	INFO	Listening on 127.0.0.1:64551
1657551415463	mozrunner::runner	INFO	Running command: "C:\\Program Files\\Mozilla Firefox\\firefox.exe" "--marionette" "--remote-debugging-port" "64552" "--remote-allow-hosts" "localhost" "-no-remote" "-profile" "C:\\Users\\Sumer\\AppData\\Local\\Temp\\rust_mozprofile7DJDJv"
1657551415696	Marionette	INFO	Marionette enabled
1657551415700	Marionette	INFO	Listening on port 64565
WebDriver BiDi listening on ws://localhost:64552
Read port: 64565
1657551415913	RemoteAgent	WARN	TLS certificate errors will be ignored for this session
console.warn: SearchSettings: "get: No settings file exists, new profile?" (new NotFoundError("Could not open the file at C:\\Users\\Sumer\\AppData\\Local\\Temp\\rust_mozprofile7DJDJv\\search.json.mozlz4", (void 0)))
DevTools listening on ws://localhost:64552/devtools/browser/4dfa5046-4568-4f12-b71e-8ea2d80aed98
console.warn: LoginRecipes: "getRecipes: falling back to a synchronous message for:" "https://www.instagram.com"
console.warn: LoginRecipes: "getRecipes: falling back to a synchronous message for:" "https://www.instagram.com"
JavaScript error: resource://gre/modules/LoginManagerParent.jsm, line 136: TypeError: gRecipeManager is null
JavaScript warning: https://static.cdninstagram.com/rsrc.php/v3icPY4/yy/l/tr_TR/LkmzbcHVaE1.js?_nc_x=Ij3Wp8lg5Kz, line 831: unreachable code after return statement
JavaScript warning: https://static.cdninstagram.com/rsrc.php/v3icPY4/yy/l/tr_TR/LkmzbcHVaE1.js?_nc_x=Ij3Wp8lg5Kz, line 1179: unreachable code after return statement
JavaScript warning: https://static.cdninstagram.com/rsrc.php/v3icPY4/yy/l/tr_TR/LkmzbcHVaE1.js?_nc_x=Ij3Wp8lg5Kz, line 1179: unreachable code after return statement
JavaScript warning: https://static.cdninstagram.com/rsrc.php/v3icPY4/yy/l/tr_TR/LkmzbcHVaE1.js?_nc_x=Ij3Wp8lg5Kz, line 1179: unreachable code after return statement
JavaScript warning: https://static.cdninstagram.com/rsrc.php/v3iq2X4/yK/l/tr_TR/Y3oxDujh1lq.js?_nc_x=Ij3Wp8lg5Kz, line 61: WEBGL_debug_renderer_info is deprecated in Firefox and will be removed. Please use RENDERER.
1657551497112	geckodriver	INFO	Listening on 127.0.0.1:64678
1657551500160	mozrunner::runner	INFO	Running command: "C:\\Program Files\\Mozilla Firefox\\firefox.exe" "--marionette" "--remote-debugging-port" "64679" "--remote-allow-hosts" "localhost" "-no-remote" "-profile" "C:\\Users\\Sumer\\AppData\\Local\\Temp\\rust_mozprofile9C0gSa"
1657551500390	Marionette	INFO	Marionette enabled
1657551500393	Marionette	INFO	Listening on port 64688
WebDriver BiDi listening on ws://localhost:64679
Read port: 64688
1657551500606	RemoteAgent	WARN	TLS certificate errors will be ignored for this session
console.warn: SearchSettings: "get: No settings file exists, new profile?" (new NotFoundError("Could not open the file at C:\\Users\\Sumer\\AppData\\Local\\Temp\\rust_mozprofile9C0gSa\\search.json.mozlz4", (void 0)))
DevTools listening on ws://localhost:64679/devtools/browser/13c634b0-c1d6-4208-9f87-545beba1609f
console.warn: LoginRecipes: "getRecipes: falling back to a synchronous message for:" "https://www.instagram.com"
console.warn: LoginRecipes: "getRecipes: falling back to a synchronous message for:" "https://www.instagram.com"
JavaScript error: resource://gre/modules/LoginManagerParent.jsm, line 136: TypeError: gRecipeManager is null
JavaScript warning: https://static.cdninstagram.com/rsrc.php/v3icPY4/yy/l/tr_TR/LkmzbcHVaE1.js?_nc_x=Ij3Wp8lg5Kz, line 831: unreachable code after return statement
JavaScript warning: https://static.cdninstagram.com/rsrc.php/v3icPY4/yy/l/tr_TR/LkmzbcHVaE1.js?_nc_x=Ij3Wp8lg5Kz, line 1179: unreachable code after return statement
JavaScript warning: https://static.cdninstagram.com/rsrc.php/v3icPY4/yy/l/tr_TR/LkmzbcHVaE1.js?_nc_x=Ij3Wp8lg5Kz, line 1179: unreachable code after return statement
JavaScript warning: https://static.cdninstagram.com/rsrc.php/v3icPY4/yy/l/tr_TR/LkmzbcHVaE1.js?_nc_x=Ij3Wp8lg5Kz, line 1179: unreachable code after return statement
JavaScript warning: https://static.cdninstagram.com/rsrc.php/v3iq2X4/yK/l/tr_TR/Y3oxDujh1lq.js?_nc_x=Ij3Wp8lg5Kz, line 61: WEBGL_debug_renderer_info is deprecated in Firefox and will be removed. Please use RENDERER.
1657551576902	Marionette	INFO	Stopped listening on port 64681657551578225	mozrunner::runner	INFO	Running command: "C:\\Program Files\\Mozilla Firefox\\firefox.exe" "--marionette" "--remote-debugging-port" "64789" "--remote-allow-hosts" "localhost" "-no-remote" "-profile" "C:\\Users\\Sumer\\AppData\\Local\\Temp\\rust_mozprofileEy4nZ8"
1657551578480	Marionette	INFO	Marionette enabled
1657551578484	Marionette	INFO	Listening on port 64800
WebDriver BiDi listening on ws://localhost:64789
Read port: 64800
1657551578684	RemoteAgent	WARN	TLS certificate errors will be ignored for this session
console.warn: SearchSettings: "get: No settings file exists, new profile?" (new NotFoundError("Could not open the file at C:\\Users\\Sumer\\AppData\\Local\\Temp\\rust_mozprofileEy4nZ8\\search.json.mozlz4", (void 0)))
DevTools listening on ws://localhost:64789/devtools/browser/1e657918-a478-44b8-bf0c-13062ba9bbe0
1657551581068	Marionette	INFO	Stopped listening on port 64800
console.warn: TopSitesFeed: Failed to fetch data from Contile server: NetworkError when attempting to fetch resource.
JavaScript error: resource://gre/modules/TerminatorTelemetry.jsm, line 71: AbortError: IOUtils: Shutting down and refusing additional I/O tasks
1657551584001	geckodriver	INFO	Listening on 127.0.0.1:64820
1657551587058	mozrunner::runner	INFO	Running command: "C:\\Program Files\\Mozilla Firefox\\firefox.exe" "--marionette" "--remote-debugging-port" "64821" "--remote-allow-hosts" "localhost" "-no-remote" "-profile" "C:\\Users\\Sumer\\AppData\\Local\\Temp\\rust_mozprofile7FTmFv"
1657551587283	Marionette	INFO	Marionette enabled
1657551587286	Marionette	INFO	Listening on port 64831
Read port: 64831
WebDriver BiDi listening on ws://localhost:64821
1657551587391	RemoteAgent	WARN	TLS certificate errors will be ignored for this session
console.warn: SearchSettings: "get: No settings file exists, new profile?" (new NotFoundError("Could not open the file at C:\\Users\\Sumer\\AppData\\Local\\Temp\\rust_mozprofile7FTmFv\\search.json.mozlz4", (void 0)))
DevTools listening on ws://localhost:64821/devtools/browser/ca107834-b20c-444c-a822-b54c0cf8694a
1657551602730	Marionette	INFO	Stopped listening on port 64831
console.warn: TopSitesFeed: Failed to fetch data from Contile server: NetworkError when attempting to fetch resource.
1657551605779	geckodriver	INFO	Listening on 127.0.0.1:64867
1657551608817	mozrunner::runner	INFO	Running command: "C:\\Program Files\\Mozilla Firefox\\firefox.exe" "--marionette" "--remote-debugging-port" "64868" "--remote-allow-hosts" "localhost" "-no-remote" "-profile" "C:\\Users\\Sumer\\AppData\\Local\\Temp\\rust_mozprofileWZ9Kg1"
1657551609043	Marionette	INFO	Marionette enabled
1657551609046	Marionette	INFO	Listening on port 64877
WebDriver BiDi listening on ws://localhost:64868
Read port: 64877
1657551609261	RemoteAgent	WARN	TLS certificate errors will be ignored for this session
console.warn: SearchSettings: "get: No settings file exists, new profile?" (new NotFoundError("Could not open the file at C:\\Users\\Sumer\\AppData\\Local\\Temp\\rust_mozprofileWZ9Kg1\\search.json.mozlz4", (void 0)))
DevTools listening on ws://localhost:64868/devtools/browser/242d1299-1077-4256-bdb3-13186cc462df
console.warn: LoginRecipes: "getRecipes: falling back to a synchronous message for:" "https://www.instagram.com"
console.warn: LoginRecipes: "getRecipes: falling back to a synchronous message for:" "https://www.instagram.com"
JavaScript error: resource://gre/modules/LoginManagerParent.jsm, line 136: TypeError: gRecipeManager is null
JavaScript warning: https://static.cdninstagram.com/rsrc.php/v3icPY4/yy/l/tr_TR/LkmzbcHVaE1.js?_nc_x=Ij3Wp8lg5Kz, line 831: unreachable code after return statement
JavaScript warning: https://static.cdninstagram.com/rsrc.php/v3icPY4/yy/l/tr_TR/LkmzbcHVaE1.js?_nc_x=Ij3Wp8lg5Kz, line 1179: unreachable code after return statement
JavaScript warning: https://static.cdninstagram.com/rsrc.php/v3icPY4/yy/l/tr_TR/LkmzbcHVaE1.js?_nc_x=Ij3Wp8lg5Kz, line 1179: unreachable code after return statement
JavaScript warning: https://static.cdninstagram.com/rsrc.php/v3icPY4/yy/l/tr_TR/LkmzbcHVaE1.js?_nc_x=Ij3Wp8lg5Kz, line 1179: unreachable code after return statement
JavaScript warning: https://static.cdninstagram.com/rsrc.php/v3iq2X4/yK/l/tr_TR/Y3oxDujh1lq.js?_nc_x=Ij3Wp8lg5Kz, line 61: WEBGL_debug_renderer_info is deprecated in Firefox and will be removed. Please use RENDERER.
1657551658814	Marionette	INFO	Stopped listening on port 64877
console.warn: TopSitesFeed: Failed to fetch data from Contile server: NetworkError when attempting to fetch resource.
1657551696167	geckodriver	INFO	Listening on 127.0.0.1:64986
1657551699244	mozrunner::runner	INFO	Running command: "C:\\Program Files\\Mozilla Firefox\\firefox.exe" "--marionette" "--remote-debugging-port" "64987" "--remote-allow-hosts" "localhost" "-no-remote" "-profile" "C:\\Users\\Sumer\\AppData\\Local\\Temp\\rust_mozprofileZjxLUC"
1657551699465	Marionette	INFO	Marionette enabled
1657551699469	Marionette	INFO	Listening on port 64996
Read port: 64996
WebDriver BiDi listening on ws://localhost:64987
1657551699573	RemoteAgent	WARN	TLS certificate errors will be ignored for this session
console.warn: SearchSettings: "get: No settings file exists, new profile?" (new NotFoundError("Could not open the file at C:\\Users\\Sumer\\AppData\\Local\\Temp\\rust_mozprofileZjxLUC\\search.json.mozlz4", (void 0)))
DevTools listening on ws://localhost:64987/devtools/browser/9bb4421c-79eb-4f33-b0df-28d11b4e937e
console.warn: LoginRecipes: "getRecipes: falling back to a synchronous message for:" "https://www.instagram.com"
console.warn: LoginRecipes: "getRecipes: falling back to a synchronous message for:" "https://www.instagram.com"
JavaScript error: resource://gre/modules/LoginManagerParent.jsm, line 136: TypeError: gRecipeManager is null
JavaScript warning: https://static.cdninstagram.com/rsrc.php/v3icPY4/yy/l/tr_TR/LkmzbcHVaE1.js?_nc_x=Ij3Wp8lg5Kz, line 831: unreachable code after return statement
JavaScript warning: https://static.cdninstagram.com/rsrc.php/v3icPY4/yy/l/tr_TR/LkmzbcHVaE1.js?_nc_x=Ij3Wp8lg5Kz, line 1179: unreachable code after return statement
JavaScript warning: https://static.cdninstagram.com/rsrc.php/v3icPY4/yy/l/tr_TR/LkmzbcHVaE1.js?_nc_x=Ij3Wp8lg5Kz, line 1179: unreachable code after return statement
JavaScript warning: https://static.cdninstagram.com/rsrc.php/v3icPY4/yy/l/tr_TR/LkmzbcHVaE1.js?_nc_x=Ij3Wp8lg5Kz, line 1179: unreachable code after return statement
JavaScript warning: https://static.cdninstagram.com/rsrc.php/v3iq2X4/yK/l/tr_TR/Y3oxDujh1lq.js?_nc_x=Ij3Wp8lg5Kz, line 61: WEBGL_debug_renderer_info is deprecated in Firefox and will be removed. Please use RENDERER.
JavaScript error: resource://gre/modules/AsyncShutdown.jsm, line 575: NotFoundError: No such JSWindowActor 'DevToolsFrame'
1657551913261	Marionette	INFO	Stopped listening on port 64996
[Parent 2540, IPC I/O Parent] WARNING: file /builds/worker/checkouts/gecko/ipc/chromium/src/base/process_util_win.cc:167
1657551917140	geckodriver	INFO	Listening on 127.0.0.1:65106
1657551920200	mozrunner::runner	INFO	Running command: "C:\\Program Files\\Mozilla Firefox\\firefox.exe" "--marionette" "--remote-debugging-port" "65107" "--remote-allow-hosts" "localhost" "-no-remote" "-profile" "C:\\Users\\Sumer\\AppData\\Local\\Temp\\rust_mozprofilemPJBY3"
1657551920426	Marionette	INFO	Marionette enabled
1657551920430	Marionette	INFO	Listening on port 65117
WebDriver BiDi listening on ws://localhost:65107
Read port: 65117
1657551920645	RemoteAgent	WARN	TLS certificate errors will be ignored for this session
console.warn: SearchSettings: "get: No settings file exists, new profile?" (new NotFoundError("Could not open the file at C:\\Users\\Sumer\\AppData\\Local\\Temp\\rust_mozprofilemPJBY3\\search.json.mozlz4", (void 0)))
DevTools listening on ws://localhost:65107/devtools/browser/1935d73e-54f6-45d3-8d08-97622f05f1bd
console.warn: LoginRecipes: "getRecipes: falling back to a synchronous message for:" "https://www.instagram.com"
console.warn: LoginRecipes: "getRecipes: falling back to a synchronous message for:" "https://www.instagram.com"
JavaScript error: resource://gre/modules/LoginManagerParent.jsm, line 136: TypeError: gRecipeManager is null
JavaScript warning: https://static.cdninstagram.com/rsrc.php/v3icPY4/yy/l/tr_TR/LkmzbcHVaE1.js?_nc_x=Ij3Wp8lg5Kz, line 831: unreachable code after return statement
JavaScript warning: https://static.cdninstagram.com/rsrc.php/v3icPY4/yy/l/tr_TR/LkmzbcHVaE1.js?_nc_x=Ij3Wp8lg5Kz, line 1179: unreachable code after return statement
JavaScript warning: https://static.cdninstagram.com/rsrc.php/v3icPY4/yy/l/tr_TR/LkmzbcHVaE1.js?_nc_x=Ij3Wp8lg5Kz, line 1179: unreachable code after return statement
JavaScript warning: https://static.cdninstagram.com/rsrc.php/v3icPY4/yy/l/tr_TR/LkmzbcHVaE1.js?_nc_x=Ij3Wp8lg5Kz, line 1179: unreachable code after return statement
JavaScript warning: https://static.cdninstagram.com/rsrc.php/v3iq2X4/yK/l/tr_TR/Y3oxDujh1lq.js?_nc_x=Ij3Wp8lg5Kz, line 61: WEBGL_debug_renderer_info is deprecated in Firefox and will be removed. Please use RENDERER.
1657552839066	geckodriver	INFO	Listening on 127.0.0.1:65251
1657552842123	mozrunner::runner	INFO	Running command: "C:\\Program Files\\Mozilla Firefox\\firefox.exe" "--marionette" "--remote-debugging-port" "65252" "--remote-allow-hosts" "localhost" "-no-remote" "-profile" "C:\\Users\\Sumer\\AppData\\Local\\Temp\\rust_mozprofileFddafk"
1657552842396	Marionette	INFO	Marionette enabled
1657552842400	Marionette	INFO	Listening on port 65261
WebDriver BiDi listening on ws://localhost:65252
Read port: 65261
1657552842523	RemoteAgent	WARN	TLS certificate errors will be ignored for this session
console.warn: SearchSettings: "get: No settings file exists, new profile?" (new NotFoundError("Could not open the file at C:\\Users\\Sumer\\AppData\\Local\\Temp\\rust_mozprofileFddafk\\search.json.mozlz4", (void 0)))
DevTools listening on ws://localhost:65252/devtools/browser/ef5be1e2-8b21-47b6-803d-c25c698759da
console.warn: LoginRecipes: "getRecipes: falling back to a synchronous message for:" "https://www.instagram.com"
console.warn: LoginRecipes: "getRecipes: falling back to a synchronous message for:" "https://www.instagram.com"
JavaScript error: resource://gre/modules/LoginManagerParent.jsm, line 136: TypeError: gRecipeManager is null
JavaScript warning: https://static.cdninstagram.com/rsrc.php/v3icPY4/yy/l/tr_TR/LkmzbcHVaE1.js?_nc_x=Ij3Wp8lg5Kz, line 831: unreachable code after return statement
JavaScript warning: https://static.cdninstagram.com/rsrc.php/v3icPY4/yy/l/tr_TR/LkmzbcHVaE1.js?_nc_x=Ij3Wp8lg5Kz, line 1179: unreachable code after return statement
JavaScript warning: https://static.cdninstagram.com/rsrc.php/v3icPY4/yy/l/tr_TR/LkmzbcHVaE1.js?_nc_x=Ij3Wp8lg5Kz, line 1179: unreachable code after return statement
JavaScript warning: https://static.cdninstagram.com/rsrc.php/v3icPY4/yy/l/tr_TR/LkmzbcHVaE1.js?_nc_x=Ij3Wp8lg5Kz, line 1179: unreachable code after return statement
JavaScript warning: https://static.cdninstagram.com/rsrc.php/v3iq2X4/yK/l/tr_TR/Y3oxDujh1lq.js?_nc_x=Ij3Wp8lg5Kz, line 61: WEBGL_debug_renderer_info is deprecated in Firefox and will be removed. Please use RENDERER.
1657553087654	geckodriver	INFO	Listening on 127.0.0.1:65447
1657553090729	mozrunner::runner	INFO	Running command: "C:\\Program Files\\Mozilla Firefox\\firefox.exe" "--marionette" "--remote-debugging-port" "65448" "--remote-allow-hosts" "localhost" "-no-remote" "-profile" "C:\\Users\\Sumer\\AppData\\Local\\Temp\\rust_mozprofileCOlIw5"
1657553090966	Marionette	INFO	Marionette enabled
1657553090969	Marionette	INFO	Listening on port 65457
WebDriver BiDi listening on ws://localhost:65448
Read port: 65457
1657553091182	RemoteAgent	WARN	TLS certificate errors will be ignored for this session
console.warn: SearchSettings: "get: No settings file exists, new profile?" (new NotFoundError("Could not open the file at C:\\Users\\Sumer\\AppData\\Local\\Temp\\rust_mozprofileCOlIw5\\search.json.mozlz4", (void 0)))
DevTools listening on ws://localhost:65448/devtools/browser/f50bcf6e-117c-4231-889d-ec5e17eaf89a
console.warn: LoginRecipes: "getRecipes: falling back to a synchronous message for:" "https://www.instagram.com"
console.warn: LoginRecipes: "getRecipes: falling back to a synchronous message for:" "https://www.instagram.com"
JavaScript error: resource://gre/modules/LoginManagerParent.jsm, line 136: TypeError: gRecipeManager is null
JavaScript warning: https://static.cdninstagram.com/rsrc.php/v3icPY4/yy/l/tr_TR/LkmzbcHVaE1.js?_nc_x=Ij3Wp8lg5Kz, line 831: unreachable code after return statement
JavaScript warning: https://static.cdninstagram.com/rsrc.php/v3icPY4/yy/l/tr_TR/LkmzbcHVaE1.js?_nc_x=Ij3Wp8lg5Kz, line 1179: unreachable code after return statement
JavaScript warning: https://static.cdninstagram.com/rsrc.php/v3icPY4/yy/l/tr_TR/LkmzbcHVaE1.js?_nc_x=Ij3Wp8lg5Kz, line 1179: unreachable code after return statement
JavaScript warning: https://static.cdninstagram.com/rsrc.php/v3icPY4/yy/l/tr_TR/LkmzbcHVaE1.js?_nc_x=Ij3Wp8lg5Kz, line 1179: unreachable code after return statement
JavaScript warning: https://static.cdninstagram.com/rsrc.php/v3iq2X4/yK/l/tr_TR/Y3oxDujh1lq.js?_nc_x=Ij3Wp8lg5Kz, line 61: WEBGL_debug_renderer_info is deprecated in Firefox and will be removed. Please use RENDERER.
1657553138180	Marionette	INFO	Stopped listening on port 65457
console.warn: TopSitesFeed: Failed to fetch data from Contile server: NetworkError when attempting to fetch resource.
[Parent 9796, IPC I/O Parent] WARNING: file /builds/worker/checkouts/gecko/ipc/chromium/src/base/process_util_win.cc:167
1657553278997	geckodriver	INFO	Listening on 127.0.0.1:49250
1657553282079	mozrunner::runner	INFO	Running command: "C:\\Program Files\\Mozilla Firefox\\firefox.exe" "--marionette" "--remote-debugging-port" "49251" "--remote-allow-hosts" "localhost" "-no-remote" "-profile" "C:\\Users\\Sumer\\AppData\\Local\\Temp\\rust_mozprofileQAUBWl"
1657553282315	Marionette	INFO	Marionette enabled
1657553282318	Marionette	INFO	Listening on port 49261
WebDriver BiDi listening on ws://localhost:49251
Read port: 49261
1657553282527	RemoteAgent	WARN	TLS certificate errors will be ignored for this session
console.warn: SearchSettings: "get: No settings file exists, new profile?" (new NotFoundError("Could not open the file at C:\\Users\\Sumer\\AppData\\Local\\Temp\\rust_mozprofileQAUBWl\\search.json.mozlz4", (void 0)))
DevTools listening on ws://localhost:49251/devtools/browser/7ec85416-56e0-4629-bf35-cfdf2e8dee2e
console.warn: LoginRecipes: "getRecipes: falling back to a synchronous message for:" "https://www.instagram.com"
console.warn: LoginRecipes: "getRecipes: falling back to a synchronous message for:" "https://www.instagram.com"
JavaScript error: resource://gre/modules/LoginManagerParent.jsm, line 136: TypeError: gRecipeManager is null
JavaScript warning: https://static.cdninstagram.com/rsrc.php/v3icPY4/yy/l/tr_TR/LkmzbcHVaE1.js?_nc_x=Ij3Wp8lg5Kz, line 831: unreachable code after return statement
JavaScript warning: https://static.cdninstagram.com/rsrc.php/v3icPY4/yy/l/tr_TR/LkmzbcHVaE1.js?_nc_x=Ij3Wp8lg5Kz, line 1179: unreachable code after return statement
JavaScript warning: https://static.cdninstagram.com/rsrc.php/v3icPY4/yy/l/tr_TR/LkmzbcHVaE1.js?_nc_x=Ij3Wp8lg5Kz, line 1179: unreachable code after return statement
JavaScript warning: https://static.cdninstagram.com/rsrc.php/v3icPY4/yy/l/tr_TR/LkmzbcHVaE1.js?_nc_x=Ij3Wp8lg5Kz, line 1179: unreachable code after return statement
JavaScript warning: https://static.cdninstagram.com/rsrc.php/v3iq2X4/yK/l/tr_TR/Y3oxDujh1lq.js?_nc_x=Ij3Wp8lg5Kz, line 61: WEBGL_debug_renderer_info is deprecated in Firefox and will be removed. Please use RENDERER.
1657553327666	Marionette	INFO	Stopped listening on port 49261
1657553371722	geckodriver	INFO	Listening on 127.0.0.1:49405
1657553374805	mozrunner::runner	INFO	Running command: "C:\\Program Files\\Mozilla Firefox\\firefox.exe" "--marionette" "--remote-debugging-port" "49406" "--remote-allow-hosts" "localhost" "-no-remote" "-profile" "C:\\Users\\Sumer\\AppData\\Local\\Temp\\rust_mozprofileAgER7G"
1657553375038	Marionette	INFO	Marionette enabled
1657553375041	Marionette	INFO	Listening on port 49417
WebDriver BiDi listening on ws://localhost:49406
Read port: 49417
1657553375252	RemoteAgent	WARN	TLS certificate errors will be ignored for this session
console.warn: SearchSettings: "get: No settings file exists, new profile?" (new NotFoundError("Could not open the file at C:\\Users\\Sumer\\AppData\\Local\\Temp\\rust_mozprofileAgER7G\\search.json.mozlz4", (void 0)))
DevTools listening on ws://localhost:49406/devtools/browser/cd8240ef-228d-4d12-9325-78752dd32626
console.warn: LoginRecipes: "getRecipes: falling back to a synchronous message for:" "https://www.instagram.com"
console.warn: LoginRecipes: "getRecipes: falling back to a synchronous message for:" "https://www.instagram.com"
JavaScript error: resource://gre/modules/LoginManagerParent.jsm, line 136: TypeError: gRecipeManager is null
JavaScript warning: https://static.cdninstagram.com/rsrc.php/v3icPY4/yy/l/tr_TR/LkmzbcHVaE1.js?_nc_x=Ij3Wp8lg5Kz, line 831: unreachable code after return statement
JavaScript warning: https://static.cdninstagram.com/rsrc.php/v3icPY4/yy/l/tr_TR/LkmzbcHVaE1.js?_nc_x=Ij3Wp8lg5Kz, line 1179: unreachable code after return statement
JavaScript warning: https://static.cdninstagram.com/rsrc.php/v3icPY4/yy/l/tr_TR/LkmzbcHVaE1.js?_nc_x=Ij3Wp8lg5Kz, line 1179: unreachable code after return statement
JavaScript warning: https://static.cdninstagram.com/rsrc.php/v3icPY4/yy/l/tr_TR/LkmzbcHVaE1.js?_nc_x=Ij3Wp8lg5Kz, line 1179: unreachable code after return statement
JavaScript warning: https://static.cdninstagram.com/rsrc.php/v3iq2X4/yK/l/tr_TR/Y3oxDujh1lq.js?_nc_x=Ij3Wp8lg5Kz, line 61: WEBGL_debug_renderer_info is deprecated in Firefox and will be removed. Please use RENDERER.
1657553423001	Marionette	INFO	Stopped listening on port 49417
